2018-04-23 19:56:37,447 - TokenizeWalker - DEBUG - processing: client\avtmembers\impCombat.py
2018-04-23 19:56:37,447 - TokenizeWalker - DEBUG - processing: common\const.py
2018-04-23 19:56:37,447 - TokenizeWalker - DEBUG - processing: common\iCombatUnit.py
2018-04-23 19:56:37,448 - TokenizeWalker - DEBUG - processing: common\pokemon\pconst.py
2018-04-23 19:56:37,448 - TokenizeWalker - DEBUG - processing: common\pokemon\__init__.py
2018-04-23 19:56:37,450 - TokenizeWalker - DEBUG - processing: client\avtmembers\impPokemon.py
2018-04-23 19:56:37,450 - TokenizeWalker - DEBUG - processing: client\avtmembers\__init__.py
2018-04-23 19:56:37,450 - TokenizeWalker - DEBUG - processing: client\Avatar.py
2018-04-23 19:56:37,451 - VisitWalker - DEBUG - processing: client\avtmembers\impCombat.py
2018-04-23 19:56:37,453 - VisitWalker - DEBUG - processing: common\const.py
2018-04-23 19:56:37,453 - VisitWalker - DEBUG - processing: common\iCombatUnit.py
2018-04-23 19:56:37,454 - VisitWalker - DEBUG - processing: common\pokemon\pconst.py
2018-04-23 19:56:37,456 - VisitWalker - DEBUG - processing: common\pokemon\__init__.py
2018-04-23 19:56:37,456 - VisitWalker - DEBUG - processing: client\avtmembers\impPokemon.py
2018-04-23 19:56:37,457 - VisitWalker - DEBUG - processing: client\avtmembers\__init__.py
2018-04-23 19:56:37,459 - VisitWalker - DEBUG - processing: client\Avatar.py
2018-04-23 19:56:37,461 - TransformWalker - DEBUG - processing: client\Avatar.py
2018-04-23 19:56:37,517 - TransformWalker - DEBUG - processing: client\avtmembers\__init__.py
2018-04-23 19:56:37,528 - TransformWalker - DEBUG - processing: client\avtmembers\impPokemon.py
2018-04-23 19:56:37,546 - TransformWalker - DEBUG - processing: common\pokemon\__init__.py
2018-04-23 19:56:37,548 - TransformWalker - DEBUG - processing: common\pokemon\pconst.py
2018-04-23 19:56:37,549 - TransformWalker - DEBUG - processing: common\iCombatUnit.py
2018-04-23 19:56:37,549 - TransformWalker - DEBUG - processing: common\const.py
2018-04-23 19:56:37,552 - TransformWalker - DEBUG - processing: client\avtmembers\impCombat.py
