2018-04-23 20:01:44,440 - TokenizeWalker - DEBUG - processing: client\avtmembers\impCombat.py
2018-04-23 20:01:44,440 - TokenizeWalker - DEBUG - processing: common\const.py
2018-04-23 20:01:44,441 - TokenizeWalker - DEBUG - processing: common\iCombatUnit.py
2018-04-23 20:01:44,441 - TokenizeWalker - DEBUG - processing: common\pokemon\pconst.py
2018-04-23 20:01:44,443 - TokenizeWalker - DEBUG - processing: common\pokemon\__init__.py
2018-04-23 20:01:44,443 - TokenizeWalker - DEBUG - processing: client\avtmembers\impPokemon.py
2018-04-23 20:01:44,444 - TokenizeWalker - DEBUG - processing: client\avtmembers\__init__.py
2018-04-23 20:01:44,444 - TokenizeWalker - DEBUG - processing: client\Avatar.py
2018-04-23 20:01:44,444 - VisitWalker - DEBUG - processing: client\avtmembers\impCombat.py
2018-04-23 20:01:44,447 - VisitWalker - DEBUG - processing: common\const.py
2018-04-23 20:01:44,447 - VisitWalker - DEBUG - processing: common\iCombatUnit.py
2018-04-23 20:01:44,450 - VisitWalker - DEBUG - processing: common\pokemon\pconst.py
2018-04-23 20:01:44,450 - VisitWalker - DEBUG - processing: common\pokemon\__init__.py
2018-04-23 20:01:44,451 - VisitWalker - DEBUG - processing: client\avtmembers\impPokemon.py
2018-04-23 20:01:44,453 - VisitWalker - DEBUG - processing: client\avtmembers\__init__.py
2018-04-23 20:01:44,454 - VisitWalker - DEBUG - processing: client\Avatar.py
2018-04-23 20:01:44,457 - TransformWalker - DEBUG - processing: client\Avatar.py
2018-04-23 20:01:44,460 - TransformWalker - DEBUG - processing: client\avtmembers\__init__.py
2018-04-23 20:01:44,463 - TransformWalker - DEBUG - processing: client\avtmembers\impPokemon.py
2018-04-23 20:01:44,463 - TransformWalker - DEBUG - processing: common\pokemon\__init__.py
2018-04-23 20:01:44,464 - TransformWalker - DEBUG - processing: common\pokemon\pconst.py
2018-04-23 20:01:44,466 - TransformWalker - DEBUG - processing: common\iCombatUnit.py
2018-04-23 20:01:44,467 - TransformWalker - DEBUG - processing: common\const.py
2018-04-23 20:01:44,467 - TransformWalker - DEBUG - processing: client\avtmembers\impCombat.py
