2018-04-23 19:43:19,440 - TokenizeWalker - DEBUG - processing: client\avtmembers\impCombat.py
2018-04-23 19:43:19,441 - TokenizeWalker - DEBUG - processing: common\const.py
2018-04-23 19:43:19,441 - TokenizeWalker - DEBUG - processing: common\iCombatUnit.py
2018-04-23 19:43:19,443 - TokenizeWalker - DEBUG - processing: common\pokemon\pconst.py
2018-04-23 19:43:19,443 - TokenizeWalker - DEBUG - processing: common\pokemon\__init__.py
2018-04-23 19:43:19,443 - TokenizeWalker - DEBUG - processing: client\avtmembers\impPokemon.py
2018-04-23 19:43:19,444 - TokenizeWalker - DEBUG - processing: client\avtmembers\__init__.py
2018-04-23 19:43:19,444 - TokenizeWalker - DEBUG - processing: client\Avatar.py
2018-04-23 19:43:19,444 - VisitWalker - DEBUG - processing: client\avtmembers\impCombat.py
2018-04-23 19:43:19,447 - VisitWalker - DEBUG - processing: common\const.py
2018-04-23 19:43:19,447 - VisitWalker - DEBUG - processing: common\iCombatUnit.py
2018-04-23 19:43:19,447 - VisitWalker - DEBUG - processing: common\pokemon\pconst.py
2018-04-23 19:43:19,448 - VisitWalker - DEBUG - processing: common\pokemon\__init__.py
2018-04-23 19:43:19,450 - VisitWalker - DEBUG - processing: client\avtmembers\impPokemon.py
2018-04-23 19:43:19,450 - VisitWalker - DEBUG - processing: client\avtmembers\__init__.py
2018-04-23 19:43:19,451 - VisitWalker - DEBUG - processing: client\Avatar.py
2018-04-23 19:43:19,453 - TransformWalker - DEBUG - processing: client\Avatar.py
2018-04-23 19:43:19,473 - TransformWalker - DEBUG - processing: client\avtmembers\__init__.py
2018-04-23 19:43:19,479 - TransformWalker - DEBUG - processing: client\avtmembers\impPokemon.py
2018-04-23 19:43:19,483 - TransformWalker - DEBUG - processing: common\pokemon\__init__.py
2018-04-23 19:43:19,483 - TransformWalker - DEBUG - processing: common\pokemon\pconst.py
2018-04-23 19:43:19,484 - TransformWalker - DEBUG - processing: common\iCombatUnit.py
2018-04-23 19:43:19,486 - TransformWalker - DEBUG - processing: common\const.py
2018-04-23 19:43:19,486 - TransformWalker - DEBUG - processing: client\avtmembers\impCombat.py
