2018-04-23 19:56:14,766 - TokenizeWalker - DEBUG - processing: client\avtmembers\impCombat.py
2018-04-23 19:56:14,767 - TokenizeWalker - DEBUG - processing: common\const.py
2018-04-23 19:56:14,767 - TokenizeWalker - DEBUG - processing: common\iCombatUnit.py
2018-04-23 19:56:14,769 - TokenizeWalker - DEBUG - processing: common\pokemon\pconst.py
2018-04-23 19:56:14,769 - TokenizeWalker - DEBUG - processing: common\pokemon\__init__.py
2018-04-23 19:56:14,769 - TokenizeWalker - DEBUG - processing: client\avtmembers\impPokemon.py
2018-04-23 19:56:14,769 - TokenizeWalker - DEBUG - processing: client\avtmembers\__init__.py
2018-04-23 19:56:14,770 - TokenizeWalker - DEBUG - processing: client\Avatar.py
2018-04-23 19:56:14,772 - VisitWalker - DEBUG - processing: client\avtmembers\impCombat.py
2018-04-23 19:56:14,773 - VisitWalker - DEBUG - processing: common\const.py
2018-04-23 19:56:14,773 - VisitWalker - DEBUG - processing: common\iCombatUnit.py
2018-04-23 19:56:14,775 - VisitWalker - DEBUG - processing: common\pokemon\pconst.py
2018-04-23 19:56:14,775 - VisitWalker - DEBUG - processing: common\pokemon\__init__.py
2018-04-23 19:56:14,776 - VisitWalker - DEBUG - processing: client\avtmembers\impPokemon.py
2018-04-23 19:56:14,776 - VisitWalker - DEBUG - processing: client\avtmembers\__init__.py
2018-04-23 19:56:14,778 - VisitWalker - DEBUG - processing: client\Avatar.py
2018-04-23 19:56:14,779 - TransformWalker - DEBUG - processing: client\Avatar.py
2018-04-23 19:56:14,792 - TransformWalker - DEBUG - processing: client\avtmembers\__init__.py
2018-04-23 19:56:14,796 - TransformWalker - DEBUG - processing: client\avtmembers\impPokemon.py
2018-04-23 19:56:14,801 - TransformWalker - DEBUG - processing: common\pokemon\__init__.py
2018-04-23 19:56:14,802 - TransformWalker - DEBUG - processing: common\pokemon\pconst.py
2018-04-23 19:56:14,802 - TransformWalker - DEBUG - processing: common\iCombatUnit.py
2018-04-23 19:56:14,802 - TransformWalker - DEBUG - processing: common\const.py
2018-04-23 19:56:14,803 - TransformWalker - DEBUG - processing: client\avtmembers\impCombat.py
