2018-04-23 19:51:21,132 - TokenizeWalker - DEBUG - processing: client\avtmembers\impCombat.py
2018-04-23 19:51:21,134 - TokenizeWalker - DEBUG - processing: common\const.py
2018-04-23 19:51:21,134 - TokenizeWalker - DEBUG - processing: common\iCombatUnit.py
2018-04-23 19:51:21,134 - TokenizeWalker - DEBUG - processing: common\pokemon\pconst.py
2018-04-23 19:51:21,135 - TokenizeWalker - DEBUG - processing: common\pokemon\__init__.py
2018-04-23 19:51:21,135 - TokenizeWalker - DEBUG - processing: client\avtmembers\impPokemon.py
2018-04-23 19:51:21,137 - TokenizeWalker - DEBUG - processing: client\avtmembers\__init__.py
2018-04-23 19:51:21,137 - TokenizeWalker - DEBUG - processing: client\Avatar.py
2018-04-23 19:51:21,138 - VisitWalker - DEBUG - processing: client\avtmembers\impCombat.py
2018-04-23 19:51:21,140 - VisitWalker - DEBUG - processing: common\const.py
2018-04-23 19:51:21,141 - VisitWalker - DEBUG - processing: common\iCombatUnit.py
2018-04-23 19:51:21,141 - VisitWalker - DEBUG - processing: common\pokemon\pconst.py
2018-04-23 19:51:21,141 - VisitWalker - DEBUG - processing: common\pokemon\__init__.py
2018-04-23 19:51:21,142 - VisitWalker - DEBUG - processing: client\avtmembers\impPokemon.py
2018-04-23 19:51:21,144 - VisitWalker - DEBUG - processing: client\avtmembers\__init__.py
2018-04-23 19:51:21,145 - VisitWalker - DEBUG - processing: client\Avatar.py
2018-04-23 19:51:21,150 - TransformWalker - DEBUG - processing: client\Avatar.py
2018-04-23 19:51:21,151 - TransformWalker - DEBUG - processing: client\avtmembers\__init__.py
2018-04-23 19:51:21,153 - TransformWalker - DEBUG - processing: client\avtmembers\impPokemon.py
2018-04-23 19:51:21,154 - TransformWalker - DEBUG - processing: common\pokemon\__init__.py
2018-04-23 19:51:21,155 - TransformWalker - DEBUG - processing: common\pokemon\pconst.py
2018-04-23 19:51:21,161 - TransformWalker - DEBUG - processing: common\iCombatUnit.py
2018-04-23 19:51:21,161 - TransformWalker - DEBUG - processing: common\const.py
2018-04-23 19:51:21,161 - TransformWalker - DEBUG - processing: client\avtmembers\impCombat.py
