2018-04-23 20:16:44,098 - TokenizeWalker - DEBUG - processing: client\avtmembers\impCombat.py
2018-04-23 20:16:44,101 - TokenizeWalker - DEBUG - processing: common\const.py
2018-04-23 20:16:44,101 - TokenizeWalker - DEBUG - processing: common\iCombatUnit.py
2018-04-23 20:16:44,101 - TokenizeWalker - DEBUG - processing: common\pokemon\pconst.py
2018-04-23 20:16:44,101 - TokenizeWalker - DEBUG - processing: common\pokemon\__init__.py
2018-04-23 20:16:44,101 - TokenizeWalker - DEBUG - processing: client\avtmembers\impPokemon.py
2018-04-23 20:16:44,102 - TokenizeWalker - DEBUG - processing: client\avtmembers\__init__.py
2018-04-23 20:16:44,102 - TokenizeWalker - DEBUG - processing: client\Avatar.py
2018-04-23 20:16:44,104 - VisitWalker - DEBUG - processing: client\avtmembers\impCombat.py
2018-04-23 20:16:44,105 - VisitWalker - DEBUG - processing: common\const.py
2018-04-23 20:16:44,107 - VisitWalker - DEBUG - processing: common\iCombatUnit.py
2018-04-23 20:16:44,107 - VisitWalker - DEBUG - processing: common\pokemon\pconst.py
2018-04-23 20:16:44,108 - VisitWalker - DEBUG - processing: common\pokemon\__init__.py
2018-04-23 20:16:44,109 - VisitWalker - DEBUG - processing: client\avtmembers\impPokemon.py
2018-04-23 20:16:44,111 - VisitWalker - DEBUG - processing: client\avtmembers\__init__.py
2018-04-23 20:16:44,111 - VisitWalker - DEBUG - processing: client\Avatar.py
2018-04-23 20:16:44,114 - TransformWalker - DEBUG - processing: client\Avatar.py
2018-04-23 20:16:44,117 - MessiahOptimizer - DEBUG - dump\client\Avatar.py is dirty, file will be rewrite
2018-04-23 20:16:44,121 - TransformWalker - DEBUG - processing: client\avtmembers\__init__.py
2018-04-23 20:16:44,121 - TransformWalker - DEBUG - processing: client\avtmembers\impPokemon.py
2018-04-23 20:16:44,124 - TransformWalker - DEBUG - processing: common\pokemon\__init__.py
2018-04-23 20:16:44,125 - TransformWalker - DEBUG - processing: common\pokemon\pconst.py
2018-04-23 20:16:44,125 - TransformWalker - DEBUG - processing: common\iCombatUnit.py
2018-04-23 20:16:44,128 - TransformWalker - DEBUG - processing: common\const.py
2018-04-23 20:16:44,130 - TransformWalker - DEBUG - processing: client\avtmembers\impCombat.py
