2018-04-28 15:32:00,372 - TokenizeWalker - DEBUG - processing: client\avtmembers\impCombat.py
2018-04-28 15:32:00,377 - TokenizeWalker - DEBUG - processing: common\const.py
2018-04-28 15:32:00,378 - TokenizeWalker - DEBUG - processing: common\pokemon\pconst.py
2018-04-28 15:32:00,381 - TokenizeWalker - DEBUG - processing: common\iBuffs.py
2018-04-28 15:32:00,476 - TokenizeWalker - DEBUG - processing: common\pokemon\__init__.py
2018-04-28 15:32:00,476 - TokenizeWalker - DEBUG - processing: client\avtmembers\impPokemon.py
2018-04-28 15:32:00,477 - TokenizeWalker - DEBUG - processing: client\avtmembers\__init__.py
2018-04-28 15:32:00,479 - TokenizeWalker - DEBUG - processing: client\Avatar.py
2018-04-28 15:32:00,500 - VisitWalker - DEBUG - processing: client\avtmembers\impCombat.py
2018-04-28 15:32:00,502 - VisitWalker - DEBUG - processing: common\const.py
2018-04-28 15:32:00,503 - VisitWalker - DEBUG - processing: common\pokemon\pconst.py
2018-04-28 15:32:00,503 - VisitWalker - DEBUG - processing: common\iBuffs.py
2018-04-28 15:32:00,572 - VisitWalker - DEBUG - processing: common\pokemon\__init__.py
2018-04-28 15:32:00,573 - VisitWalker - DEBUG - processing: client\avtmembers\impPokemon.py
2018-04-28 15:32:00,575 - VisitWalker - DEBUG - processing: client\avtmembers\__init__.py
2018-04-28 15:32:00,576 - VisitWalker - DEBUG - processing: client\Avatar.py
2018-04-28 15:32:00,581 - TransformWalker - DEBUG - processing: client\avtmembers\__init__.py
2018-04-28 15:32:00,582 - TransformWalker - DEBUG - processing: client\avtmembers\impPokemon.py
2018-04-28 15:32:00,582 - TransformWalker - DEBUG - processing: common\pokemon\__init__.py
2018-04-28 15:32:00,584 - TransformWalker - DEBUG - processing: common\iBuffs.py
