2018-04-23 19:58:59,802 - TokenizeWalker - DEBUG - processing: client\avtmembers\impCombat.py
2018-04-23 19:58:59,803 - TokenizeWalker - DEBUG - processing: common\const.py
2018-04-23 19:58:59,803 - TokenizeWalker - DEBUG - processing: common\iCombatUnit.py
2018-04-23 19:58:59,805 - TokenizeWalker - DEBUG - processing: common\pokemon\pconst.py
2018-04-23 19:58:59,805 - TokenizeWalker - DEBUG - processing: common\pokemon\__init__.py
2018-04-23 19:58:59,805 - TokenizeWalker - DEBUG - processing: client\avtmembers\impPokemon.py
2018-04-23 19:58:59,806 - TokenizeWalker - DEBUG - processing: client\avtmembers\__init__.py
2018-04-23 19:58:59,808 - TokenizeWalker - DEBUG - processing: client\Avatar.py
2018-04-23 19:58:59,809 - VisitWalker - DEBUG - processing: client\avtmembers\impCombat.py
2018-04-23 19:58:59,809 - VisitWalker - DEBUG - processing: common\const.py
2018-04-23 19:58:59,811 - VisitWalker - DEBUG - processing: common\iCombatUnit.py
2018-04-23 19:58:59,812 - VisitWalker - DEBUG - processing: common\pokemon\pconst.py
2018-04-23 19:58:59,812 - VisitWalker - DEBUG - processing: common\pokemon\__init__.py
2018-04-23 19:58:59,812 - VisitWalker - DEBUG - processing: client\avtmembers\impPokemon.py
2018-04-23 19:58:59,815 - VisitWalker - DEBUG - processing: client\avtmembers\__init__.py
2018-04-23 19:58:59,815 - VisitWalker - DEBUG - processing: client\Avatar.py
2018-04-23 19:58:59,818 - TransformWalker - DEBUG - processing: client\Avatar.py
2018-04-23 19:58:59,826 - TransformWalker - DEBUG - processing: client\avtmembers\__init__.py
2018-04-23 19:58:59,828 - TransformWalker - DEBUG - processing: client\avtmembers\impPokemon.py
2018-04-23 19:58:59,829 - TransformWalker - DEBUG - processing: common\pokemon\__init__.py
2018-04-23 19:58:59,831 - TransformWalker - DEBUG - processing: common\pokemon\pconst.py
2018-04-23 19:58:59,832 - TransformWalker - DEBUG - processing: common\iCombatUnit.py
2018-04-23 19:58:59,834 - TransformWalker - DEBUG - processing: common\const.py
2018-04-23 19:58:59,835 - TransformWalker - DEBUG - processing: client\avtmembers\impCombat.py
