2018-05-02 17:11:47,565 - TokenizeWalker - DEBUG - processing: client\avtmembers\impCombat.py
2018-05-02 17:11:47,565 - TokenizeWalker - DEBUG - processing: common\const.py
2018-05-02 17:11:47,566 - TokenizeWalker - DEBUG - processing: common\pokemon\pconst.py
2018-05-02 17:11:47,566 - TokenizeWalker - DEBUG - processing: common\iBuffs.py
2018-05-02 17:11:47,592 - TokenizeWalker - DEBUG - processing: common\pokemon\__init__.py
2018-05-02 17:11:47,592 - TokenizeWalker - DEBUG - processing: client\avtmembers\impPokemon.py
2018-05-02 17:11:47,592 - TokenizeWalker - DEBUG - processing: client\avtmembers\__init__.py
2018-05-02 17:11:47,594 - TokenizeWalker - DEBUG - processing: client\Avatar.py
2018-05-02 17:11:47,595 - VisitWalker - DEBUG - processing: client\avtmembers\impCombat.py
2018-05-02 17:11:47,595 - VisitWalker - DEBUG - processing: common\const.py
2018-05-02 17:11:47,596 - VisitWalker - DEBUG - processing: common\pokemon\pconst.py
2018-05-02 17:11:47,598 - VisitWalker - DEBUG - processing: common\iBuffs.py
2018-05-02 17:11:47,664 - VisitWalker - DEBUG - processing: common\pokemon\__init__.py
2018-05-02 17:11:47,664 - VisitWalker - DEBUG - processing: client\avtmembers\impPokemon.py
2018-05-02 17:11:47,667 - VisitWalker - DEBUG - processing: client\avtmembers\__init__.py
2018-05-02 17:11:47,667 - VisitWalker - DEBUG - processing: client\Avatar.py
2018-05-02 17:11:47,671 - TransformWalker - DEBUG - processing: client\Avatar.py
2018-05-02 17:11:47,674 - TransformWalker - DEBUG - processing: client\avtmembers\__init__.py
2018-05-02 17:11:47,674 - TransformWalker - DEBUG - processing: client\avtmembers\impPokemon.py
2018-05-02 17:11:47,677 - TransformWalker - DEBUG - processing: common\pokemon\__init__.py
2018-05-02 17:11:47,677 - TransformWalker - DEBUG - processing: common\iBuffs.py
2018-05-02 17:11:47,750 - MessiahOptimizer - DEBUG - dump\common\iBuffs.py is dirty, file will be rewrite
2018-05-02 17:11:47,772 - TransformWalker - DEBUG - processing: common\pokemon\pconst.py
2018-05-02 17:11:47,773 - TransformWalker - DEBUG - processing: common\const.py
2018-05-02 17:11:47,773 - TransformWalker - DEBUG - processing: client\avtmembers\impCombat.py
