2018-04-23 19:49:06,907 - TokenizeWalker - DEBUG - processing: client\avtmembers\impCombat.py
2018-04-23 19:49:06,907 - TokenizeWalker - DEBUG - processing: common\const.py
2018-04-23 19:49:06,908 - TokenizeWalker - DEBUG - processing: common\iCombatUnit.py
2018-04-23 19:49:06,908 - TokenizeWalker - DEBUG - processing: common\pokemon\pconst.py
2018-04-23 19:49:06,908 - TokenizeWalker - DEBUG - processing: common\pokemon\__init__.py
2018-04-23 19:49:06,910 - TokenizeWalker - DEBUG - processing: client\avtmembers\impPokemon.py
2018-04-23 19:49:06,910 - TokenizeWalker - DEBUG - processing: client\avtmembers\__init__.py
2018-04-23 19:49:06,911 - TokenizeWalker - DEBUG - processing: client\Avatar.py
2018-04-23 19:49:06,911 - VisitWalker - DEBUG - processing: client\avtmembers\impCombat.py
2018-04-23 19:49:06,913 - VisitWalker - DEBUG - processing: common\const.py
2018-04-23 19:49:06,914 - VisitWalker - DEBUG - processing: common\iCombatUnit.py
2018-04-23 19:49:06,914 - VisitWalker - DEBUG - processing: common\pokemon\pconst.py
2018-04-23 19:49:06,915 - VisitWalker - DEBUG - processing: common\pokemon\__init__.py
2018-04-23 19:49:06,917 - VisitWalker - DEBUG - processing: client\avtmembers\impPokemon.py
2018-04-23 19:49:06,917 - VisitWalker - DEBUG - processing: client\avtmembers\__init__.py
2018-04-23 19:49:06,918 - VisitWalker - DEBUG - processing: client\Avatar.py
2018-04-23 19:49:06,924 - TransformWalker - DEBUG - processing: client\Avatar.py
2018-04-23 19:49:06,926 - TransformWalker - DEBUG - processing: client\avtmembers\__init__.py
2018-04-23 19:49:06,927 - TransformWalker - DEBUG - processing: client\avtmembers\impPokemon.py
2018-04-23 19:49:06,928 - TransformWalker - DEBUG - processing: common\pokemon\__init__.py
2018-04-23 19:49:06,930 - TransformWalker - DEBUG - processing: common\pokemon\pconst.py
2018-04-23 19:49:06,930 - TransformWalker - DEBUG - processing: common\iCombatUnit.py
2018-04-23 19:49:06,931 - TransformWalker - DEBUG - processing: common\const.py
2018-04-23 19:49:06,933 - TransformWalker - DEBUG - processing: client\avtmembers\impCombat.py
