2018-04-15 17:42:33,122 - TokenizeWalker - DEBUG - processing: common\const.py
2018-04-15 17:42:33,124 - TokenizeWalker - DEBUG - processing: client\combatpokemonmembers\__init__.py
2018-04-15 17:42:33,125 - TokenizeWalker - DEBUG - processing: client\Model.py
2018-04-15 17:42:33,125 - TokenizeWalker - DEBUG - processing: client\CueCallback.py
2018-04-15 17:42:33,125 - TokenizeWalker - DEBUG - processing: common\pokemon\pconst.py
2018-04-15 17:42:33,125 - TokenizeWalker - DEBUG - processing: client\combatpokemonmembers\impDoubleRide.py
2018-04-15 17:42:33,127 - TokenizeWalker - DEBUG - processing: client\avatarmembers\__init__.py
2018-04-15 17:42:33,128 - TokenizeWalker - DEBUG - processing: client\CombatPokemon.py
2018-04-15 17:42:33,128 - TokenizeWalker - DEBUG - processing: common\pokemon\__init__.py
2018-04-15 17:42:33,130 - TokenizeWalker - DEBUG - processing: client\avatarmembers\impCombat.py
2018-04-15 17:42:33,131 - TokenizeWalker - DEBUG - processing: client\avatarmembers\impPokemon.py
2018-04-15 17:42:33,131 - TokenizeWalker - DEBUG - processing: client\avatarmembers\impDoubleRide.py
2018-04-15 17:42:33,131 - TokenizeWalker - DEBUG - processing: client\Avatar.py
2018-04-15 17:42:33,134 - VisitWalker - DEBUG - processing: common\const.py
2018-04-15 17:42:33,134 - VisitWalker - DEBUG - processing: client\combatpokemonmembers\__init__.py
2018-04-15 17:42:33,135 - VisitWalker - DEBUG - processing: client\Model.py
2018-04-15 17:42:33,138 - VisitWalker - DEBUG - processing: client\CueCallback.py
2018-04-15 17:42:33,138 - VisitWalker - DEBUG - processing: common\pokemon\pconst.py
2018-04-15 17:42:33,140 - VisitWalker - DEBUG - processing: client\combatpokemonmembers\impDoubleRide.py
2018-04-15 17:42:33,141 - VisitWalker - DEBUG - processing: client\avatarmembers\__init__.py
2018-04-15 17:42:33,144 - VisitWalker - DEBUG - processing: client\CombatPokemon.py
2018-04-15 17:42:33,145 - VisitWalker - DEBUG - processing: common\pokemon\__init__.py
2018-04-15 17:42:33,147 - VisitWalker - DEBUG - processing: client\avatarmembers\impCombat.py
2018-04-15 17:42:33,148 - VisitWalker - DEBUG - processing: client\avatarmembers\impPokemon.py
2018-04-15 17:42:33,151 - VisitWalker - DEBUG - processing: client\avatarmembers\impDoubleRide.py
2018-04-15 17:42:33,151 - VisitWalker - DEBUG - processing: client\Avatar.py
2018-04-15 17:42:33,154 - TransformWalker - DEBUG - processing: client\Avatar.py
2018-04-15 17:42:33,161 - TransformWalker - DEBUG - processing: client\avatarmembers\impDoubleRide.py
2018-04-15 17:42:33,163 - TransformWalker - DEBUG - processing: client\avatarmembers\impPokemon.py
2018-04-15 17:42:33,164 - TransformWalker - DEBUG - processing: client\avatarmembers\impCombat.py
2018-04-15 17:42:33,167 - TransformWalker - DEBUG - processing: common\pokemon\__init__.py
2018-04-15 17:42:33,167 - TransformWalker - DEBUG - processing: client\CombatPokemon.py
2018-04-15 17:42:33,170 - TransformWalker - DEBUG - processing: client\avatarmembers\__init__.py
2018-04-15 17:42:33,171 - TransformWalker - DEBUG - processing: client\combatpokemonmembers\impDoubleRide.py
2018-04-15 17:42:33,173 - TransformWalker - DEBUG - processing: common\pokemon\pconst.py
2018-04-15 17:42:33,174 - TransformWalker - DEBUG - processing: client\CueCallback.py
2018-04-15 17:42:33,174 - TransformWalker - DEBUG - processing: client\combatpokemonmembers\__init__.py
2018-04-15 17:42:33,177 - TransformWalker - DEBUG - processing: common\const.py
2018-04-15 17:42:33,177 - TransformWalker - DEBUG - processing: client\Model.py
2018-04-15 17:42:33,180 - ComponentTransformer - DEBUG - Start merge class DummyEffect
2018-04-15 17:42:33,180 - ComponentTransformer - DEBUG - Start merge class SimpleModel
2018-04-15 17:42:33,181 - MessiahOptimizer - DEBUG - dump\client\Model.py is dirty, file will be rewrite
