2018-05-02 16:39:06,250 - TokenizeWalker - DEBUG - processing: client\avtmembers\impCombat.py
2018-05-02 16:39:06,250 - TokenizeWalker - DEBUG - processing: common\const.py
2018-05-02 16:39:06,252 - TokenizeWalker - DEBUG - processing: common\pokemon\pconst.py
2018-05-02 16:39:06,252 - TokenizeWalker - DEBUG - processing: common\iBuffs.py
2018-05-02 16:39:06,279 - TokenizeWalker - DEBUG - processing: common\pokemon\__init__.py
2018-05-02 16:39:06,279 - TokenizeWalker - DEBUG - processing: client\avtmembers\impPokemon.py
2018-05-02 16:39:06,279 - TokenizeWalker - DEBUG - processing: client\avtmembers\__init__.py
2018-05-02 16:39:06,279 - TokenizeWalker - DEBUG - processing: client\Avatar.py
2018-05-02 16:39:06,280 - VisitWalker - DEBUG - processing: client\avtmembers\impCombat.py
2018-05-02 16:39:06,282 - VisitWalker - DEBUG - processing: common\const.py
2018-05-02 16:39:06,282 - VisitWalker - DEBUG - processing: common\pokemon\pconst.py
2018-05-02 16:39:06,283 - VisitWalker - DEBUG - processing: common\iBuffs.py
2018-05-02 16:39:06,351 - VisitWalker - DEBUG - processing: common\pokemon\__init__.py
2018-05-02 16:39:06,352 - VisitWalker - DEBUG - processing: client\avtmembers\impPokemon.py
2018-05-02 16:39:06,355 - VisitWalker - DEBUG - processing: client\avtmembers\__init__.py
2018-05-02 16:39:06,355 - VisitWalker - DEBUG - processing: client\Avatar.py
2018-05-02 16:39:06,358 - TransformWalker - DEBUG - processing: client\Avatar.py
2018-05-02 16:39:06,361 - InlineTransformer - WARNING - inline function of name can not merge in Python\entities\client\Avatar.py
2018-05-02 16:39:06,361 - MessiahOptimizer - DEBUG - dump\client\Avatar.py is dirty, file will be rewrite
2018-05-02 16:39:06,365 - TransformWalker - DEBUG - processing: client\avtmembers\__init__.py
2018-05-02 16:39:06,365 - TransformWalker - DEBUG - processing: client\avtmembers\impPokemon.py
2018-05-02 16:39:06,368 - TransformWalker - DEBUG - processing: common\pokemon\__init__.py
2018-05-02 16:39:06,368 - TransformWalker - DEBUG - processing: common\iBuffs.py
2018-05-02 16:39:06,443 - MessiahOptimizer - DEBUG - dump\common\iBuffs.py is dirty, file will be rewrite
2018-05-02 16:39:06,464 - TransformWalker - DEBUG - processing: common\pokemon\pconst.py
2018-05-02 16:39:06,466 - TransformWalker - DEBUG - processing: common\const.py
2018-05-02 16:39:06,467 - TransformWalker - DEBUG - processing: client\avtmembers\impCombat.py
