2018-04-23 19:36:34,792 - TokenizeWalker - DEBUG - processing: client\avtmembers\impCombat.py
2018-04-23 19:36:34,793 - TokenizeWalker - DEBUG - processing: common\const.py
2018-04-23 19:36:34,793 - TokenizeWalker - DEBUG - processing: common\iCombatUnit.py
2018-04-23 19:36:34,795 - TokenizeWalker - DEBUG - processing: common\pokemon\pconst.py
2018-04-23 19:36:34,795 - TokenizeWalker - DEBUG - processing: common\pokemon\__init__.py
2018-04-23 19:36:34,796 - TokenizeWalker - DEBUG - processing: client\avtmembers\impPokemon.py
2018-04-23 19:36:34,796 - TokenizeWalker - DEBUG - processing: client\avtmembers\__init__.py
2018-04-23 19:36:34,796 - TokenizeWalker - DEBUG - processing: client\Avatar.py
2018-04-23 19:36:34,796 - VisitWalker - DEBUG - processing: client\avtmembers\impCombat.py
2018-04-23 19:36:34,799 - VisitWalker - DEBUG - processing: common\const.py
2018-04-23 19:36:34,799 - VisitWalker - DEBUG - processing: common\iCombatUnit.py
2018-04-23 19:36:34,801 - VisitWalker - DEBUG - processing: common\pokemon\pconst.py
2018-04-23 19:36:34,801 - VisitWalker - DEBUG - processing: common\pokemon\__init__.py
2018-04-23 19:36:34,802 - VisitWalker - DEBUG - processing: client\avtmembers\impPokemon.py
2018-04-23 19:36:34,805 - VisitWalker - DEBUG - processing: client\avtmembers\__init__.py
2018-04-23 19:36:34,805 - VisitWalker - DEBUG - processing: client\Avatar.py
2018-04-23 19:36:34,808 - TransformWalker - DEBUG - processing: client\Avatar.py
2018-04-23 19:36:34,815 - TransformWalker - DEBUG - processing: client\avtmembers\__init__.py
2018-04-23 19:36:34,819 - TransformWalker - DEBUG - processing: client\avtmembers\impPokemon.py
2018-04-23 19:36:34,822 - TransformWalker - DEBUG - processing: common\pokemon\__init__.py
2018-04-23 19:36:34,825 - TransformWalker - DEBUG - processing: common\pokemon\pconst.py
2018-04-23 19:36:34,825 - TransformWalker - DEBUG - processing: common\iCombatUnit.py
2018-04-23 19:36:34,826 - TransformWalker - DEBUG - processing: common\const.py
2018-04-23 19:36:34,828 - TransformWalker - DEBUG - processing: client\avtmembers\impCombat.py
