2018-05-02 15:54:42,976 - TokenizeWalker - DEBUG - processing: client\avtmembers\impCombat.py
2018-05-02 15:54:42,976 - TokenizeWalker - DEBUG - processing: common\const.py
2018-05-02 15:54:42,977 - TokenizeWalker - DEBUG - processing: common\pokemon\pconst.py
2018-05-02 15:54:42,977 - TokenizeWalker - DEBUG - processing: common\iBuffs.py
2018-05-02 15:54:43,003 - TokenizeWalker - DEBUG - processing: common\pokemon\__init__.py
2018-05-02 15:54:43,005 - TokenizeWalker - DEBUG - processing: client\avtmembers\impPokemon.py
2018-05-02 15:54:43,005 - TokenizeWalker - DEBUG - processing: client\avtmembers\__init__.py
2018-05-02 15:54:43,006 - TokenizeWalker - DEBUG - processing: client\Avatar.py
2018-05-02 15:54:43,006 - VisitWalker - DEBUG - processing: client\avtmembers\impCombat.py
2018-05-02 15:54:43,009 - VisitWalker - DEBUG - processing: common\const.py
2018-05-02 15:54:43,009 - VisitWalker - DEBUG - processing: common\pokemon\pconst.py
2018-05-02 15:54:43,010 - VisitWalker - DEBUG - processing: common\iBuffs.py
2018-05-02 15:54:43,078 - VisitWalker - DEBUG - processing: common\pokemon\__init__.py
2018-05-02 15:54:43,079 - VisitWalker - DEBUG - processing: client\avtmembers\impPokemon.py
2018-05-02 15:54:43,082 - VisitWalker - DEBUG - processing: client\avtmembers\__init__.py
2018-05-02 15:54:43,082 - VisitWalker - DEBUG - processing: client\Avatar.py
2018-05-02 15:54:43,085 - TransformWalker - DEBUG - processing: client\Avatar.py
2018-05-02 15:54:43,089 - TransformWalker - DEBUG - processing: client\avtmembers\__init__.py
2018-05-02 15:54:43,092 - TransformWalker - DEBUG - processing: client\avtmembers\impPokemon.py
2018-05-02 15:54:43,094 - TransformWalker - DEBUG - processing: common\pokemon\__init__.py
2018-05-02 15:54:43,095 - TransformWalker - DEBUG - processing: common\iBuffs.py
2018-05-02 15:54:43,171 - MessiahOptimizer - DEBUG - dump\common\iBuffs.py is dirty, file will be rewrite
2018-05-02 15:54:43,198 - TransformWalker - DEBUG - processing: common\pokemon\pconst.py
2018-05-02 15:54:43,200 - TransformWalker - DEBUG - processing: common\const.py
2018-05-02 15:54:43,201 - TransformWalker - DEBUG - processing: client\avtmembers\impCombat.py
