2018-04-23 20:03:09,009 - TokenizeWalker - DEBUG - processing: client\avtmembers\impCombat.py
2018-04-23 20:03:09,012 - TokenizeWalker - DEBUG - processing: common\const.py
2018-04-23 20:03:09,012 - TokenizeWalker - DEBUG - processing: common\iCombatUnit.py
2018-04-23 20:03:09,012 - TokenizeWalker - DEBUG - processing: common\pokemon\pconst.py
2018-04-23 20:03:09,013 - TokenizeWalker - DEBUG - processing: common\pokemon\__init__.py
2018-04-23 20:03:09,013 - TokenizeWalker - DEBUG - processing: client\avtmembers\impPokemon.py
2018-04-23 20:03:09,013 - TokenizeWalker - DEBUG - processing: client\avtmembers\__init__.py
2018-04-23 20:03:09,013 - TokenizeWalker - DEBUG - processing: client\Avatar.py
2018-04-23 20:03:09,015 - VisitWalker - DEBUG - processing: client\avtmembers\impCombat.py
2018-04-23 20:03:09,016 - VisitWalker - DEBUG - processing: common\const.py
2018-04-23 20:03:09,017 - VisitWalker - DEBUG - processing: common\iCombatUnit.py
2018-04-23 20:03:09,017 - VisitWalker - DEBUG - processing: common\pokemon\pconst.py
2018-04-23 20:03:09,019 - VisitWalker - DEBUG - processing: common\pokemon\__init__.py
2018-04-23 20:03:09,019 - VisitWalker - DEBUG - processing: client\avtmembers\impPokemon.py
2018-04-23 20:03:09,022 - VisitWalker - DEBUG - processing: client\avtmembers\__init__.py
2018-04-23 20:03:09,023 - VisitWalker - DEBUG - processing: client\Avatar.py
2018-04-23 20:03:09,025 - TransformWalker - DEBUG - processing: client\Avatar.py
2018-04-23 20:03:09,026 - TransformWalker - DEBUG - processing: client\avtmembers\__init__.py
2018-04-23 20:03:09,028 - TransformWalker - DEBUG - processing: client\avtmembers\impPokemon.py
2018-04-23 20:03:09,029 - TransformWalker - DEBUG - processing: common\pokemon\__init__.py
2018-04-23 20:03:09,030 - TransformWalker - DEBUG - processing: common\pokemon\pconst.py
2018-04-23 20:03:09,032 - TransformWalker - DEBUG - processing: common\iCombatUnit.py
2018-04-23 20:03:09,032 - TransformWalker - DEBUG - processing: common\const.py
2018-04-23 20:03:09,033 - TransformWalker - DEBUG - processing: client\avtmembers\impCombat.py
