2018-04-23 20:03:47,936 - TokenizeWalker - DEBUG - processing: client\avtmembers\impCombat.py
2018-04-23 20:03:47,937 - TokenizeWalker - DEBUG - processing: common\const.py
2018-04-23 20:03:47,937 - TokenizeWalker - DEBUG - processing: common\iCombatUnit.py
2018-04-23 20:03:47,937 - TokenizeWalker - DEBUG - processing: common\pokemon\pconst.py
2018-04-23 20:03:47,937 - TokenizeWalker - DEBUG - processing: common\pokemon\__init__.py
2018-04-23 20:03:47,938 - TokenizeWalker - DEBUG - processing: client\avtmembers\impPokemon.py
2018-04-23 20:03:47,940 - TokenizeWalker - DEBUG - processing: client\avtmembers\__init__.py
2018-04-23 20:03:47,940 - TokenizeWalker - DEBUG - processing: client\Avatar.py
2018-04-23 20:03:47,940 - VisitWalker - DEBUG - processing: client\avtmembers\impCombat.py
2018-04-23 20:03:47,943 - VisitWalker - DEBUG - processing: common\const.py
2018-04-23 20:03:47,943 - VisitWalker - DEBUG - processing: common\iCombatUnit.py
2018-04-23 20:03:47,944 - VisitWalker - DEBUG - processing: common\pokemon\pconst.py
2018-04-23 20:03:47,944 - VisitWalker - DEBUG - processing: common\pokemon\__init__.py
2018-04-23 20:03:47,946 - VisitWalker - DEBUG - processing: client\avtmembers\impPokemon.py
2018-04-23 20:03:47,947 - VisitWalker - DEBUG - processing: client\avtmembers\__init__.py
2018-04-23 20:03:47,947 - VisitWalker - DEBUG - processing: client\Avatar.py
2018-04-23 20:03:47,950 - TransformWalker - DEBUG - processing: client\Avatar.py
2018-04-23 20:03:47,953 - MessiahOptimizer - DEBUG - dump\client\Avatar.py is dirty, file will be rewrite
2018-04-23 20:03:47,963 - TransformWalker - DEBUG - processing: client\avtmembers\__init__.py
2018-04-23 20:03:47,966 - TransformWalker - DEBUG - processing: client\avtmembers\impPokemon.py
2018-04-23 20:03:47,967 - TransformWalker - DEBUG - processing: common\pokemon\__init__.py
2018-04-23 20:03:47,969 - TransformWalker - DEBUG - processing: common\pokemon\pconst.py
2018-04-23 20:03:47,970 - TransformWalker - DEBUG - processing: common\iCombatUnit.py
2018-04-23 20:03:47,970 - TransformWalker - DEBUG - processing: common\const.py
2018-04-23 20:03:47,971 - TransformWalker - DEBUG - processing: client\avtmembers\impCombat.py
