2018-04-28 15:54:45,105 - TokenizeWalker - DEBUG - processing: client\avtmembers\impCombat.py
2018-04-28 15:54:45,105 - TokenizeWalker - DEBUG - processing: common\const.py
2018-04-28 15:54:45,105 - TokenizeWalker - DEBUG - processing: common\pokemon\pconst.py
2018-04-28 15:54:45,107 - TokenizeWalker - DEBUG - processing: common\iBuffs.py
2018-04-28 15:54:45,132 - TokenizeWalker - DEBUG - processing: common\pokemon\__init__.py
2018-04-28 15:54:45,134 - TokenizeWalker - DEBUG - processing: client\avtmembers\impPokemon.py
2018-04-28 15:54:45,134 - TokenizeWalker - DEBUG - processing: client\avtmembers\__init__.py
2018-04-28 15:54:45,135 - TokenizeWalker - DEBUG - processing: client\Avatar.py
2018-04-28 15:54:45,135 - VisitWalker - DEBUG - processing: client\avtmembers\impCombat.py
2018-04-28 15:54:45,138 - VisitWalker - DEBUG - processing: common\const.py
2018-04-28 15:54:45,138 - VisitWalker - DEBUG - processing: common\pokemon\pconst.py
2018-04-28 15:54:45,140 - VisitWalker - DEBUG - processing: common\iBuffs.py
2018-04-28 15:54:45,207 - VisitWalker - DEBUG - processing: common\pokemon\__init__.py
2018-04-28 15:54:45,207 - VisitWalker - DEBUG - processing: client\avtmembers\impPokemon.py
2018-04-28 15:54:45,210 - VisitWalker - DEBUG - processing: client\avtmembers\__init__.py
2018-04-28 15:54:45,210 - VisitWalker - DEBUG - processing: client\Avatar.py
2018-04-28 15:54:45,213 - TransformWalker - DEBUG - processing: client\Avatar.py
2018-04-28 15:54:45,216 - TransformWalker - DEBUG - processing: client\avtmembers\__init__.py
2018-04-28 15:54:45,217 - TransformWalker - DEBUG - processing: client\avtmembers\impPokemon.py
2018-04-28 15:54:45,219 - TransformWalker - DEBUG - processing: common\pokemon\__init__.py
2018-04-28 15:54:45,220 - TransformWalker - DEBUG - processing: common\iBuffs.py
