2018-05-02 16:42:10,059 - TokenizeWalker - DEBUG - processing: client\avtmembers\impCombat.py
2018-05-02 16:42:10,061 - TokenizeWalker - DEBUG - processing: common\const.py
2018-05-02 16:42:10,061 - TokenizeWalker - DEBUG - processing: common\pokemon\pconst.py
2018-05-02 16:42:10,062 - TokenizeWalker - DEBUG - processing: common\iBuffs.py
2018-05-02 16:42:10,088 - TokenizeWalker - DEBUG - processing: common\pokemon\__init__.py
2018-05-02 16:42:10,088 - TokenizeWalker - DEBUG - processing: client\avtmembers\impPokemon.py
2018-05-02 16:42:10,088 - TokenizeWalker - DEBUG - processing: client\avtmembers\__init__.py
2018-05-02 16:42:10,089 - TokenizeWalker - DEBUG - processing: client\Avatar.py
2018-05-02 16:42:10,091 - VisitWalker - DEBUG - processing: client\avtmembers\impCombat.py
2018-05-02 16:42:10,092 - VisitWalker - DEBUG - processing: common\const.py
2018-05-02 16:42:10,092 - VisitWalker - DEBUG - processing: common\pokemon\pconst.py
2018-05-02 16:42:10,094 - VisitWalker - DEBUG - processing: common\iBuffs.py
2018-05-02 16:42:10,167 - VisitWalker - DEBUG - processing: common\pokemon\__init__.py
2018-05-02 16:42:10,168 - VisitWalker - DEBUG - processing: client\avtmembers\impPokemon.py
2018-05-02 16:42:10,171 - VisitWalker - DEBUG - processing: client\avtmembers\__init__.py
2018-05-02 16:42:10,171 - VisitWalker - DEBUG - processing: client\Avatar.py
2018-05-02 16:42:10,174 - TransformWalker - DEBUG - processing: client\Avatar.py
2018-05-02 16:42:10,177 - InlineTransformer - WARNING - inline function of name can not merge in Python\entities\client\Avatar.py
2018-05-02 16:42:10,178 - MessiahOptimizer - DEBUG - dump\client\Avatar.py is dirty, file will be rewrite
2018-05-02 16:42:10,180 - TransformWalker - DEBUG - processing: client\avtmembers\__init__.py
2018-05-02 16:42:10,183 - TransformWalker - DEBUG - processing: client\avtmembers\impPokemon.py
2018-05-02 16:42:10,184 - TransformWalker - DEBUG - processing: common\pokemon\__init__.py
2018-05-02 16:42:10,184 - TransformWalker - DEBUG - processing: common\iBuffs.py
2018-05-02 16:42:10,256 - MessiahOptimizer - DEBUG - dump\common\iBuffs.py is dirty, file will be rewrite
2018-05-02 16:42:10,278 - TransformWalker - DEBUG - processing: common\pokemon\pconst.py
2018-05-02 16:42:10,279 - TransformWalker - DEBUG - processing: common\const.py
2018-05-02 16:42:10,279 - TransformWalker - DEBUG - processing: client\avtmembers\impCombat.py
