2018-04-28 15:55:00,835 - TokenizeWalker - DEBUG - processing: client\avtmembers\impCombat.py
2018-04-28 15:55:00,836 - TokenizeWalker - DEBUG - processing: common\const.py
2018-04-28 15:55:00,836 - TokenizeWalker - DEBUG - processing: common\pokemon\pconst.py
2018-04-28 15:55:00,838 - TokenizeWalker - DEBUG - processing: common\iBuffs.py
2018-04-28 15:55:00,864 - TokenizeWalker - DEBUG - processing: common\pokemon\__init__.py
2018-04-28 15:55:00,865 - TokenizeWalker - DEBUG - processing: client\avtmembers\impPokemon.py
2018-04-28 15:55:00,865 - TokenizeWalker - DEBUG - processing: client\avtmembers\__init__.py
2018-04-28 15:55:00,865 - TokenizeWalker - DEBUG - processing: client\Avatar.py
2018-04-28 15:55:00,867 - VisitWalker - DEBUG - processing: client\avtmembers\impCombat.py
2018-04-28 15:55:00,868 - VisitWalker - DEBUG - processing: common\const.py
2018-04-28 15:55:00,871 - VisitWalker - DEBUG - processing: common\pokemon\pconst.py
2018-04-28 15:55:00,872 - VisitWalker - DEBUG - processing: common\iBuffs.py
2018-04-28 15:55:00,940 - VisitWalker - DEBUG - processing: common\pokemon\__init__.py
2018-04-28 15:55:00,941 - VisitWalker - DEBUG - processing: client\avtmembers\impPokemon.py
2018-04-28 15:55:00,943 - VisitWalker - DEBUG - processing: client\avtmembers\__init__.py
2018-04-28 15:55:00,944 - VisitWalker - DEBUG - processing: client\Avatar.py
2018-04-28 15:55:00,946 - TransformWalker - DEBUG - processing: client\Avatar.py
2018-04-28 15:55:00,948 - TransformWalker - DEBUG - processing: client\avtmembers\__init__.py
2018-04-28 15:55:00,953 - TransformWalker - DEBUG - processing: client\avtmembers\impPokemon.py
2018-04-28 15:55:00,954 - TransformWalker - DEBUG - processing: common\pokemon\__init__.py
2018-04-28 15:55:00,954 - TransformWalker - DEBUG - processing: common\iBuffs.py
2018-04-28 15:55:01,026 - MessiahOptimizer - DEBUG - dump\common\iBuffs.py is dirty, file will be rewrite
2018-04-28 15:55:01,049 - TransformWalker - DEBUG - processing: common\pokemon\pconst.py
2018-04-28 15:55:01,049 - TransformWalker - DEBUG - processing: common\const.py
2018-04-28 15:55:01,051 - TransformWalker - DEBUG - processing: client\avtmembers\impCombat.py
