2018-04-14 22:51:35,523 - TokenizeWalker - DEBUG - processing: common\const.py
2018-04-14 22:51:35,523 - TokenizeWalker - DEBUG - processing: common\pokemon\pconst.py
2018-04-14 22:51:35,525 - TokenizeWalker - DEBUG - processing: common\pokemon\__init__.py
2018-04-14 22:51:35,525 - TokenizeWalker - DEBUG - processing: client\avtmembers\impPokemon.py
2018-04-14 22:51:35,526 - TokenizeWalker - DEBUG - processing: client\avtmembers\__init__.py
2018-04-14 22:51:35,526 - TokenizeWalker - DEBUG - processing: client\Avatar.py
2018-04-14 22:51:35,529 - VisitWalker - DEBUG - processing: common\const.py
2018-04-14 22:51:35,529 - VisitWalker - DEBUG - processing: common\pokemon\pconst.py
2018-04-14 22:51:35,530 - VisitWalker - DEBUG - processing: common\pokemon\__init__.py
2018-04-14 22:51:35,530 - VisitWalker - DEBUG - processing: client\avtmembers\impPokemon.py
2018-04-14 22:51:35,532 - VisitWalker - DEBUG - processing: client\avtmembers\__init__.py
2018-04-14 22:51:35,533 - VisitWalker - DEBUG - processing: client\Avatar.py
2018-04-14 22:51:35,542 - TransformWalker - DEBUG - processing: client\Avatar.py
2018-04-14 22:51:35,548 - ComponentTransformer - DEBUG - Start merge class Avatar
2018-04-14 22:51:35,548 - ComponentTransformer - WARNING - Merge was skip because inherit AvatarRoleComponent in Python\entities\client\Avatar.py
2018-04-14 22:51:35,549 - TransformWalker - DEBUG - processing: client\avtmembers\__init__.py
2018-04-14 22:51:35,549 - TransformWalker - DEBUG - processing: client\avtmembers\impPokemon.py
2018-04-14 22:51:35,552 - TransformWalker - DEBUG - processing: common\pokemon\__init__.py
2018-04-14 22:51:35,552 - TransformWalker - DEBUG - processing: common\pokemon\pconst.py
2018-04-14 22:51:35,553 - TransformWalker - DEBUG - processing: common\const.py
