2018-04-15 17:46:53,028 - TokenizeWalker - DEBUG - processing: common\const.py
2018-04-15 17:46:53,029 - TokenizeWalker - DEBUG - processing: client\combatpokemonmembers\__init__.py
2018-04-15 17:46:53,029 - TokenizeWalker - DEBUG - processing: client\Model.py
2018-04-15 17:46:53,029 - TokenizeWalker - DEBUG - processing: client\CueCallback.py
2018-04-15 17:46:53,030 - TokenizeWalker - DEBUG - processing: common\pokemon\pconst.py
2018-04-15 17:46:53,032 - TokenizeWalker - DEBUG - processing: client\combatpokemonmembers\impDoubleRide.py
2018-04-15 17:46:53,032 - TokenizeWalker - DEBUG - processing: client\avatarmembers\__init__.py
2018-04-15 17:46:53,033 - TokenizeWalker - DEBUG - processing: client\CombatPokemon.py
2018-04-15 17:46:53,035 - TokenizeWalker - DEBUG - processing: common\pokemon\__init__.py
2018-04-15 17:46:53,035 - TokenizeWalker - DEBUG - processing: client\avatarmembers\impCombat.py
2018-04-15 17:46:53,036 - TokenizeWalker - DEBUG - processing: client\avatarmembers\impPokemon.py
2018-04-15 17:46:53,036 - TokenizeWalker - DEBUG - processing: client\avatarmembers\impDoubleRide.py
2018-04-15 17:46:53,036 - TokenizeWalker - DEBUG - processing: client\Avatar.py
2018-04-15 17:46:53,038 - VisitWalker - DEBUG - processing: common\const.py
2018-04-15 17:46:53,039 - VisitWalker - DEBUG - processing: client\combatpokemonmembers\__init__.py
2018-04-15 17:46:53,040 - VisitWalker - DEBUG - processing: client\Model.py
2018-04-15 17:46:53,042 - VisitWalker - DEBUG - processing: client\CueCallback.py
2018-04-15 17:46:53,046 - VisitWalker - DEBUG - processing: common\pokemon\pconst.py
2018-04-15 17:46:53,048 - VisitWalker - DEBUG - processing: client\combatpokemonmembers\impDoubleRide.py
2018-04-15 17:46:53,049 - VisitWalker - DEBUG - processing: client\avatarmembers\__init__.py
2018-04-15 17:46:53,052 - VisitWalker - DEBUG - processing: client\CombatPokemon.py
2018-04-15 17:46:53,053 - VisitWalker - DEBUG - processing: common\pokemon\__init__.py
2018-04-15 17:46:53,055 - VisitWalker - DEBUG - processing: client\avatarmembers\impCombat.py
2018-04-15 17:46:53,056 - VisitWalker - DEBUG - processing: client\avatarmembers\impPokemon.py
2018-04-15 17:46:53,059 - VisitWalker - DEBUG - processing: client\avatarmembers\impDoubleRide.py
2018-04-15 17:46:53,061 - VisitWalker - DEBUG - processing: client\Avatar.py
2018-04-15 17:46:53,065 - TransformWalker - DEBUG - processing: client\Avatar.py
2018-04-15 17:46:53,069 - TransformWalker - DEBUG - processing: client\avatarmembers\impDoubleRide.py
2018-04-15 17:46:53,072 - TransformWalker - DEBUG - processing: client\avatarmembers\impPokemon.py
2018-04-15 17:46:53,073 - TransformWalker - DEBUG - processing: client\avatarmembers\impCombat.py
2018-04-15 17:46:53,076 - TransformWalker - DEBUG - processing: common\pokemon\__init__.py
2018-04-15 17:46:53,078 - TransformWalker - DEBUG - processing: client\CombatPokemon.py
2018-04-15 17:46:53,079 - TransformWalker - DEBUG - processing: client\avatarmembers\__init__.py
2018-04-15 17:46:53,082 - TransformWalker - DEBUG - processing: client\combatpokemonmembers\impDoubleRide.py
2018-04-15 17:46:53,085 - TransformWalker - DEBUG - processing: common\pokemon\pconst.py
2018-04-15 17:46:53,085 - TransformWalker - DEBUG - processing: client\CueCallback.py
2018-04-15 17:46:53,088 - TransformWalker - DEBUG - processing: client\combatpokemonmembers\__init__.py
2018-04-15 17:46:53,089 - TransformWalker - DEBUG - processing: common\const.py
2018-04-15 17:46:53,092 - TransformWalker - DEBUG - processing: client\Model.py
2018-04-15 17:46:53,092 - ComponentTransformer - DEBUG - Start merge class DummyEffect
2018-04-15 17:46:53,096 - ComponentTransformer - DEBUG - Start merge class SimpleModel
2018-04-15 17:46:53,096 - MessiahOptimizer - DEBUG - dump\client\Model.py is dirty, file will be rewrite
