2018-04-23 20:04:19,569 - TokenizeWalker - DEBUG - processing: client\avtmembers\impCombat.py
2018-04-23 20:04:19,569 - TokenizeWalker - DEBUG - processing: common\const.py
2018-04-23 20:04:19,571 - TokenizeWalker - DEBUG - processing: common\iCombatUnit.py
2018-04-23 20:04:19,571 - TokenizeWalker - DEBUG - processing: common\pokemon\pconst.py
2018-04-23 20:04:19,572 - TokenizeWalker - DEBUG - processing: common\pokemon\__init__.py
2018-04-23 20:04:19,572 - TokenizeWalker - DEBUG - processing: client\avtmembers\impPokemon.py
2018-04-23 20:04:19,572 - TokenizeWalker - DEBUG - processing: client\avtmembers\__init__.py
2018-04-23 20:04:19,572 - TokenizeWalker - DEBUG - processing: client\Avatar.py
2018-04-23 20:04:19,573 - VisitWalker - DEBUG - processing: client\avtmembers\impCombat.py
2018-04-23 20:04:19,575 - VisitWalker - DEBUG - processing: common\const.py
2018-04-23 20:04:19,575 - VisitWalker - DEBUG - processing: common\iCombatUnit.py
2018-04-23 20:04:19,576 - VisitWalker - DEBUG - processing: common\pokemon\pconst.py
2018-04-23 20:04:19,578 - VisitWalker - DEBUG - processing: common\pokemon\__init__.py
2018-04-23 20:04:19,578 - VisitWalker - DEBUG - processing: client\avtmembers\impPokemon.py
2018-04-23 20:04:19,579 - VisitWalker - DEBUG - processing: client\avtmembers\__init__.py
2018-04-23 20:04:19,581 - VisitWalker - DEBUG - processing: client\Avatar.py
2018-04-23 20:04:19,582 - TransformWalker - DEBUG - processing: client\Avatar.py
2018-04-23 20:04:19,586 - MessiahOptimizer - DEBUG - dump\client\Avatar.py is dirty, file will be rewrite
2018-04-23 20:04:19,588 - TransformWalker - DEBUG - processing: client\avtmembers\__init__.py
2018-04-23 20:04:19,589 - TransformWalker - DEBUG - processing: client\avtmembers\impPokemon.py
2018-04-23 20:04:19,592 - TransformWalker - DEBUG - processing: common\pokemon\__init__.py
2018-04-23 20:04:19,592 - TransformWalker - DEBUG - processing: common\pokemon\pconst.py
2018-04-23 20:04:19,594 - TransformWalker - DEBUG - processing: common\iCombatUnit.py
2018-04-23 20:04:19,595 - TransformWalker - DEBUG - processing: common\const.py
2018-04-23 20:04:19,596 - TransformWalker - DEBUG - processing: client\avtmembers\impCombat.py
