2018-05-02 16:40:45,306 - TokenizeWalker - DEBUG - processing: client\avtmembers\impCombat.py
2018-05-02 16:40:45,308 - TokenizeWalker - DEBUG - processing: common\const.py
2018-05-02 16:40:45,308 - TokenizeWalker - DEBUG - processing: common\pokemon\pconst.py
2018-05-02 16:40:45,308 - TokenizeWalker - DEBUG - processing: common\iBuffs.py
2018-05-02 16:40:45,335 - TokenizeWalker - DEBUG - processing: common\pokemon\__init__.py
2018-05-02 16:40:45,335 - TokenizeWalker - DEBUG - processing: client\avtmembers\impPokemon.py
2018-05-02 16:40:45,336 - TokenizeWalker - DEBUG - processing: client\avtmembers\__init__.py
2018-05-02 16:40:45,336 - TokenizeWalker - DEBUG - processing: client\Avatar.py
2018-05-02 16:40:45,338 - VisitWalker - DEBUG - processing: client\avtmembers\impCombat.py
2018-05-02 16:40:45,339 - VisitWalker - DEBUG - processing: common\const.py
2018-05-02 16:40:45,339 - VisitWalker - DEBUG - processing: common\pokemon\pconst.py
2018-05-02 16:40:45,341 - VisitWalker - DEBUG - processing: common\iBuffs.py
2018-05-02 16:40:45,411 - VisitWalker - DEBUG - processing: common\pokemon\__init__.py
2018-05-02 16:40:45,411 - VisitWalker - DEBUG - processing: client\avtmembers\impPokemon.py
2018-05-02 16:40:45,414 - VisitWalker - DEBUG - processing: client\avtmembers\__init__.py
2018-05-02 16:40:45,414 - VisitWalker - DEBUG - processing: client\Avatar.py
2018-05-02 16:40:45,417 - TransformWalker - DEBUG - processing: client\Avatar.py
2018-05-02 16:40:45,420 - InlineTransformer - WARNING - inline function of name can not merge in Python\entities\client\Avatar.py
2018-05-02 16:40:45,421 - MessiahOptimizer - DEBUG - dump\client\Avatar.py is dirty, file will be rewrite
2018-05-02 16:40:45,423 - TransformWalker - DEBUG - processing: client\avtmembers\__init__.py
2018-05-02 16:40:45,424 - TransformWalker - DEBUG - processing: client\avtmembers\impPokemon.py
2018-05-02 16:40:45,426 - TransformWalker - DEBUG - processing: common\pokemon\__init__.py
2018-05-02 16:40:45,427 - TransformWalker - DEBUG - processing: common\iBuffs.py
2018-05-02 16:40:45,502 - MessiahOptimizer - DEBUG - dump\common\iBuffs.py is dirty, file will be rewrite
2018-05-02 16:40:45,526 - TransformWalker - DEBUG - processing: common\pokemon\pconst.py
2018-05-02 16:40:45,528 - TransformWalker - DEBUG - processing: common\const.py
2018-05-02 16:40:45,529 - TransformWalker - DEBUG - processing: client\avtmembers\impCombat.py
