2018-04-23 19:28:38,698 - TokenizeWalker - DEBUG - processing: client\avtmembers\impCombat.py
2018-04-23 19:28:38,700 - TokenizeWalker - DEBUG - processing: common\const.py
2018-04-23 19:28:38,700 - TokenizeWalker - DEBUG - processing: common\iCombatUnit.py
2018-04-23 19:28:38,700 - TokenizeWalker - DEBUG - processing: common\pokemon\pconst.py
2018-04-23 19:28:38,701 - TokenizeWalker - DEBUG - processing: common\pokemon\__init__.py
2018-04-23 19:28:38,701 - TokenizeWalker - DEBUG - processing: client\avtmembers\impPokemon.py
2018-04-23 19:28:38,703 - TokenizeWalker - DEBUG - processing: client\avtmembers\__init__.py
2018-04-23 19:28:38,703 - TokenizeWalker - DEBUG - processing: client\Avatar.py
2018-04-23 19:28:38,704 - VisitWalker - DEBUG - processing: client\avtmembers\impCombat.py
2018-04-23 19:28:38,706 - VisitWalker - DEBUG - processing: common\const.py
2018-04-23 19:28:38,707 - VisitWalker - DEBUG - processing: common\iCombatUnit.py
2018-04-23 19:28:38,709 - VisitWalker - DEBUG - processing: common\pokemon\pconst.py
2018-04-23 19:28:38,710 - VisitWalker - DEBUG - processing: common\pokemon\__init__.py
2018-04-23 19:28:38,710 - VisitWalker - DEBUG - processing: client\avtmembers\impPokemon.py
2018-04-23 19:28:38,713 - VisitWalker - DEBUG - processing: client\avtmembers\__init__.py
2018-04-23 19:28:38,714 - VisitWalker - DEBUG - processing: client\Avatar.py
2018-04-23 19:28:38,719 - TransformWalker - DEBUG - processing: client\Avatar.py
2018-04-23 19:28:38,723 - TransformWalker - DEBUG - processing: client\avtmembers\__init__.py
2018-04-23 19:28:38,726 - TransformWalker - DEBUG - processing: client\avtmembers\impPokemon.py
2018-04-23 19:28:38,729 - TransformWalker - DEBUG - processing: common\pokemon\__init__.py
2018-04-23 19:28:38,729 - TransformWalker - DEBUG - processing: common\pokemon\pconst.py
2018-04-23 19:28:38,730 - TransformWalker - DEBUG - processing: common\iCombatUnit.py
2018-04-23 19:28:38,732 - TransformWalker - DEBUG - processing: common\const.py
2018-04-23 19:28:38,733 - TransformWalker - DEBUG - processing: client\avtmembers\impCombat.py
