2018-04-23 19:23:17,417 - TokenizeWalker - DEBUG - processing: client\avtmembers\impCombat.py
2018-04-23 19:23:17,417 - TokenizeWalker - DEBUG - processing: common\const.py
2018-04-23 19:23:17,417 - TokenizeWalker - DEBUG - processing: common\iCombatUnit.py
2018-04-23 19:23:17,418 - TokenizeWalker - DEBUG - processing: common\pokemon\pconst.py
2018-04-23 19:23:17,418 - TokenizeWalker - DEBUG - processing: common\pokemon\__init__.py
2018-04-23 19:23:17,418 - TokenizeWalker - DEBUG - processing: client\avtmembers\impPokemon.py
2018-04-23 19:23:17,420 - TokenizeWalker - DEBUG - processing: client\avtmembers\__init__.py
2018-04-23 19:23:17,421 - TokenizeWalker - DEBUG - processing: client\Avatar.py
2018-04-23 19:23:17,421 - VisitWalker - DEBUG - processing: client\avtmembers\impCombat.py
2018-04-23 19:23:17,423 - VisitWalker - DEBUG - processing: common\const.py
2018-04-23 19:23:17,424 - VisitWalker - DEBUG - processing: common\iCombatUnit.py
2018-04-23 19:23:17,424 - VisitWalker - DEBUG - processing: common\pokemon\pconst.py
2018-04-23 19:23:17,424 - VisitWalker - DEBUG - processing: common\pokemon\__init__.py
2018-04-23 19:23:17,426 - VisitWalker - DEBUG - processing: client\avtmembers\impPokemon.py
2018-04-23 19:23:17,427 - VisitWalker - DEBUG - processing: client\avtmembers\__init__.py
2018-04-23 19:23:17,430 - VisitWalker - DEBUG - processing: client\Avatar.py
2018-04-23 19:23:17,433 - TransformWalker - DEBUG - processing: client\Avatar.py
2018-04-23 19:23:17,434 - TransformWalker - DEBUG - processing: client\avtmembers\__init__.py
2018-04-23 19:23:17,437 - TransformWalker - DEBUG - processing: client\avtmembers\impPokemon.py
2018-04-23 19:23:17,438 - TransformWalker - DEBUG - processing: common\pokemon\__init__.py
2018-04-23 19:23:17,440 - TransformWalker - DEBUG - processing: common\pokemon\pconst.py
2018-04-23 19:23:17,441 - TransformWalker - DEBUG - processing: common\iCombatUnit.py
2018-04-23 19:23:17,443 - TransformWalker - DEBUG - processing: common\const.py
2018-04-23 19:23:17,444 - TransformWalker - DEBUG - processing: client\avtmembers\impCombat.py
