2018-04-23 19:42:10,015 - TokenizeWalker - DEBUG - processing: client\avtmembers\impCombat.py
2018-04-23 19:42:10,016 - TokenizeWalker - DEBUG - processing: common\const.py
2018-04-23 19:42:10,016 - TokenizeWalker - DEBUG - processing: common\iCombatUnit.py
2018-04-23 19:42:10,017 - TokenizeWalker - DEBUG - processing: common\pokemon\pconst.py
2018-04-23 19:42:10,017 - TokenizeWalker - DEBUG - processing: common\pokemon\__init__.py
2018-04-23 19:42:10,019 - TokenizeWalker - DEBUG - processing: client\avtmembers\impPokemon.py
2018-04-23 19:42:10,019 - TokenizeWalker - DEBUG - processing: client\avtmembers\__init__.py
2018-04-23 19:42:10,019 - TokenizeWalker - DEBUG - processing: client\Avatar.py
2018-04-23 19:42:10,020 - VisitWalker - DEBUG - processing: client\avtmembers\impCombat.py
2018-04-23 19:42:10,022 - VisitWalker - DEBUG - processing: common\const.py
2018-04-23 19:42:10,023 - VisitWalker - DEBUG - processing: common\iCombatUnit.py
2018-04-23 19:42:10,023 - VisitWalker - DEBUG - processing: common\pokemon\pconst.py
2018-04-23 19:42:10,023 - VisitWalker - DEBUG - processing: common\pokemon\__init__.py
2018-04-23 19:42:10,025 - VisitWalker - DEBUG - processing: client\avtmembers\impPokemon.py
2018-04-23 19:42:10,026 - VisitWalker - DEBUG - processing: client\avtmembers\__init__.py
2018-04-23 19:42:10,028 - VisitWalker - DEBUG - processing: client\Avatar.py
2018-04-23 19:42:10,032 - TransformWalker - DEBUG - processing: client\Avatar.py
2018-04-23 19:42:10,042 - TransformWalker - DEBUG - processing: client\avtmembers\__init__.py
2018-04-23 19:42:10,045 - TransformWalker - DEBUG - processing: client\avtmembers\impPokemon.py
2018-04-23 19:42:10,048 - TransformWalker - DEBUG - processing: common\pokemon\__init__.py
2018-04-23 19:42:10,048 - TransformWalker - DEBUG - processing: common\pokemon\pconst.py
2018-04-23 19:42:10,049 - TransformWalker - DEBUG - processing: common\iCombatUnit.py
2018-04-23 19:42:10,051 - TransformWalker - DEBUG - processing: common\const.py
2018-04-23 19:42:10,052 - TransformWalker - DEBUG - processing: client\avtmembers\impCombat.py
