2018-05-02 16:46:44,095 - TokenizeWalker - DEBUG - processing: client\avtmembers\impCombat.py
2018-05-02 16:46:44,096 - TokenizeWalker - DEBUG - processing: common\const.py
2018-05-02 16:46:44,098 - TokenizeWalker - DEBUG - processing: common\pokemon\pconst.py
2018-05-02 16:46:44,098 - TokenizeWalker - DEBUG - processing: common\iBuffs.py
2018-05-02 16:46:44,124 - TokenizeWalker - DEBUG - processing: common\pokemon\__init__.py
2018-05-02 16:46:44,125 - TokenizeWalker - DEBUG - processing: client\avtmembers\impPokemon.py
2018-05-02 16:46:44,125 - TokenizeWalker - DEBUG - processing: client\avtmembers\__init__.py
2018-05-02 16:46:44,127 - TokenizeWalker - DEBUG - processing: client\Avatar.py
2018-05-02 16:46:44,127 - VisitWalker - DEBUG - processing: client\avtmembers\impCombat.py
2018-05-02 16:46:44,130 - VisitWalker - DEBUG - processing: common\const.py
2018-05-02 16:46:44,131 - VisitWalker - DEBUG - processing: common\pokemon\pconst.py
2018-05-02 16:46:44,131 - VisitWalker - DEBUG - processing: common\iBuffs.py
2018-05-02 16:46:44,236 - VisitWalker - DEBUG - processing: common\pokemon\__init__.py
2018-05-02 16:46:44,237 - VisitWalker - DEBUG - processing: client\avtmembers\impPokemon.py
2018-05-02 16:46:44,239 - VisitWalker - DEBUG - processing: client\avtmembers\__init__.py
2018-05-02 16:46:44,240 - VisitWalker - DEBUG - processing: client\Avatar.py
2018-05-02 16:46:44,243 - TransformWalker - DEBUG - processing: client\Avatar.py
2018-05-02 16:46:44,246 - InlineTransformer - WARNING - inline function of name can not merge in Python\entities\client\Avatar.py
2018-05-02 16:46:44,249 - TransformWalker - DEBUG - processing: client\avtmembers\__init__.py
2018-05-02 16:46:44,250 - TransformWalker - DEBUG - processing: client\avtmembers\impPokemon.py
2018-05-02 16:46:44,252 - TransformWalker - DEBUG - processing: common\pokemon\__init__.py
2018-05-02 16:46:44,253 - TransformWalker - DEBUG - processing: common\iBuffs.py
2018-05-02 16:46:44,329 - MessiahOptimizer - DEBUG - dump\common\iBuffs.py is dirty, file will be rewrite
2018-05-02 16:46:44,352 - TransformWalker - DEBUG - processing: common\pokemon\pconst.py
2018-05-02 16:46:44,355 - TransformWalker - DEBUG - processing: common\const.py
2018-05-02 16:46:44,357 - TransformWalker - DEBUG - processing: client\avtmembers\impCombat.py
