2018-04-14 22:58:03,822 - TokenizeWalker - DEBUG - processing: common\const.py
2018-04-14 22:58:03,823 - TokenizeWalker - DEBUG - processing: common\pokemon\pconst.py
2018-04-14 22:58:03,825 - TokenizeWalker - DEBUG - processing: common\pokemon\__init__.py
2018-04-14 22:58:03,825 - TokenizeWalker - DEBUG - processing: client\avtmembers\impPokemon.py
2018-04-14 22:58:03,825 - TokenizeWalker - DEBUG - processing: client\avtmembers\__init__.py
2018-04-14 22:58:03,825 - TokenizeWalker - DEBUG - processing: client\Avatar.py
2018-04-14 22:58:03,828 - VisitWalker - DEBUG - processing: common\const.py
2018-04-14 22:58:03,828 - VisitWalker - DEBUG - processing: common\pokemon\pconst.py
2018-04-14 22:58:03,831 - VisitWalker - DEBUG - processing: common\pokemon\__init__.py
2018-04-14 22:58:03,832 - VisitWalker - DEBUG - processing: client\avtmembers\impPokemon.py
2018-04-14 22:58:03,832 - VisitWalker - DEBUG - processing: client\avtmembers\__init__.py
2018-04-14 22:58:03,834 - VisitWalker - DEBUG - processing: client\Avatar.py
2018-04-14 22:58:03,842 - TransformWalker - DEBUG - processing: client\Avatar.py
2018-04-14 22:58:03,848 - ComponentTransformer - DEBUG - Start merge class Avatar
2018-04-14 22:58:03,849 - ComponentTransformer - WARNING - Merge was skip because inherit AvatarRoleComponent in Python\entities\client\Avatar.py
2018-04-14 22:58:03,851 - TransformWalker - DEBUG - processing: client\avtmembers\__init__.py
2018-04-14 22:58:03,851 - TransformWalker - DEBUG - processing: client\avtmembers\impPokemon.py
2018-04-14 22:58:03,852 - TransformWalker - DEBUG - processing: common\pokemon\__init__.py
2018-04-14 22:58:03,854 - TransformWalker - DEBUG - processing: common\pokemon\pconst.py
2018-04-14 22:58:03,855 - TransformWalker - DEBUG - processing: common\const.py
