2018-04-23 19:42:28,482 - TokenizeWalker - DEBUG - processing: client\avtmembers\impCombat.py
2018-04-23 19:42:28,483 - TokenizeWalker - DEBUG - processing: common\const.py
2018-04-23 19:42:28,483 - TokenizeWalker - DEBUG - processing: common\iCombatUnit.py
2018-04-23 19:42:28,483 - TokenizeWalker - DEBUG - processing: common\pokemon\pconst.py
2018-04-23 19:42:28,484 - TokenizeWalker - DEBUG - processing: common\pokemon\__init__.py
2018-04-23 19:42:28,484 - TokenizeWalker - DEBUG - processing: client\avtmembers\impPokemon.py
2018-04-23 19:42:28,486 - TokenizeWalker - DEBUG - processing: client\avtmembers\__init__.py
2018-04-23 19:42:28,486 - TokenizeWalker - DEBUG - processing: client\Avatar.py
2018-04-23 19:42:28,486 - VisitWalker - DEBUG - processing: client\avtmembers\impCombat.py
2018-04-23 19:42:28,487 - VisitWalker - DEBUG - processing: common\const.py
2018-04-23 19:42:28,489 - VisitWalker - DEBUG - processing: common\iCombatUnit.py
2018-04-23 19:42:28,490 - VisitWalker - DEBUG - processing: common\pokemon\pconst.py
2018-04-23 19:42:28,490 - VisitWalker - DEBUG - processing: common\pokemon\__init__.py
2018-04-23 19:42:28,490 - VisitWalker - DEBUG - processing: client\avtmembers\impPokemon.py
2018-04-23 19:42:28,493 - VisitWalker - DEBUG - processing: client\avtmembers\__init__.py
2018-04-23 19:42:28,493 - VisitWalker - DEBUG - processing: client\Avatar.py
2018-04-23 19:42:28,496 - TransformWalker - DEBUG - processing: client\Avatar.py
2018-04-23 19:42:28,505 - TransformWalker - DEBUG - processing: client\avtmembers\__init__.py
2018-04-23 19:42:28,507 - TransformWalker - DEBUG - processing: client\avtmembers\impPokemon.py
2018-04-23 19:42:28,512 - TransformWalker - DEBUG - processing: common\pokemon\__init__.py
2018-04-23 19:42:28,513 - TransformWalker - DEBUG - processing: common\pokemon\pconst.py
2018-04-23 19:42:28,513 - TransformWalker - DEBUG - processing: common\iCombatUnit.py
2018-04-23 19:42:28,515 - TransformWalker - DEBUG - processing: common\const.py
2018-04-23 19:42:28,515 - TransformWalker - DEBUG - processing: client\avtmembers\impCombat.py
