2018-04-23 19:19:44,255 - TokenizeWalker - DEBUG - processing: client\avtmembers\impCombat.py
2018-04-23 19:19:44,256 - TokenizeWalker - DEBUG - processing: common\const.py
2018-04-23 19:19:44,256 - TokenizeWalker - DEBUG - processing: common\iCombatUnit.py
2018-04-23 19:19:44,256 - TokenizeWalker - DEBUG - processing: common\pokemon\pconst.py
2018-04-23 19:19:44,257 - TokenizeWalker - DEBUG - processing: common\pokemon\__init__.py
2018-04-23 19:19:44,257 - TokenizeWalker - DEBUG - processing: client\avtmembers\impPokemon.py
2018-04-23 19:19:44,259 - TokenizeWalker - DEBUG - processing: client\avtmembers\__init__.py
2018-04-23 19:19:44,259 - TokenizeWalker - DEBUG - processing: client\Avatar.py
2018-04-23 19:19:44,260 - VisitWalker - DEBUG - processing: client\avtmembers\impCombat.py
2018-04-23 19:19:44,263 - VisitWalker - DEBUG - processing: common\const.py
2018-04-23 19:19:44,266 - VisitWalker - DEBUG - processing: common\iCombatUnit.py
2018-04-23 19:19:44,266 - VisitWalker - DEBUG - processing: common\pokemon\pconst.py
2018-04-23 19:19:44,267 - VisitWalker - DEBUG - processing: common\pokemon\__init__.py
2018-04-23 19:19:44,267 - VisitWalker - DEBUG - processing: client\avtmembers\impPokemon.py
2018-04-23 19:19:44,270 - VisitWalker - DEBUG - processing: client\avtmembers\__init__.py
2018-04-23 19:19:44,273 - VisitWalker - DEBUG - processing: client\Avatar.py
2018-04-23 19:19:44,276 - TransformWalker - DEBUG - processing: client\Avatar.py
2018-04-23 19:19:44,279 - TransformWalker - DEBUG - processing: client\avtmembers\__init__.py
2018-04-23 19:19:44,282 - TransformWalker - DEBUG - processing: client\avtmembers\impPokemon.py
2018-04-23 19:19:44,283 - TransformWalker - DEBUG - processing: common\pokemon\__init__.py
2018-04-23 19:19:44,286 - TransformWalker - DEBUG - processing: common\pokemon\pconst.py
2018-04-23 19:19:44,286 - TransformWalker - DEBUG - processing: common\iCombatUnit.py
2018-04-23 19:19:44,286 - TransformWalker - DEBUG - processing: common\const.py
2018-04-23 19:19:44,288 - TransformWalker - DEBUG - processing: client\avtmembers\impCombat.py
