2018-04-14 22:52:57,719 - TokenizeWalker - DEBUG - processing: common\const.py
2018-04-14 22:52:57,721 - TokenizeWalker - DEBUG - processing: common\pokemon\pconst.py
2018-04-14 22:52:57,724 - TokenizeWalker - DEBUG - processing: common\pokemon\__init__.py
2018-04-14 22:52:57,726 - TokenizeWalker - DEBUG - processing: client\avtmembers\impPokemon.py
2018-04-14 22:52:57,726 - TokenizeWalker - DEBUG - processing: client\avtmembers\__init__.py
2018-04-14 22:52:57,727 - TokenizeWalker - DEBUG - processing: client\Avatar.py
2018-04-14 22:52:57,732 - VisitWalker - DEBUG - processing: common\const.py
2018-04-14 22:52:57,733 - VisitWalker - DEBUG - processing: common\pokemon\pconst.py
2018-04-14 22:52:57,733 - VisitWalker - DEBUG - processing: common\pokemon\__init__.py
2018-04-14 22:52:57,734 - VisitWalker - DEBUG - processing: client\avtmembers\impPokemon.py
2018-04-14 22:52:57,736 - VisitWalker - DEBUG - processing: client\avtmembers\__init__.py
2018-04-14 22:52:57,737 - VisitWalker - DEBUG - processing: client\Avatar.py
2018-04-14 22:52:57,756 - TransformWalker - DEBUG - processing: client\avtmembers\__init__.py
2018-04-14 22:52:57,756 - TransformWalker - DEBUG - processing: client\avtmembers\impPokemon.py
2018-04-14 22:52:57,757 - TransformWalker - DEBUG - processing: common\pokemon\__init__.py
2018-04-14 22:52:57,759 - TransformWalker - DEBUG - processing: common\pokemon\pconst.py
2018-04-14 22:52:57,759 - TransformWalker - DEBUG - processing: common\const.py
2018-04-14 22:52:57,760 - TransformWalker - DEBUG - processing: client\Avatar.py
2018-04-14 22:52:57,766 - ComponentTransformer - DEBUG - Start merge class Avatar
2018-04-14 22:52:57,766 - ComponentTransformer - WARNING - Merge was skip because inherit AvatarRoleComponent in Python\entities\client\Avatar.py
2018-04-14 22:52:57,767 - MessiahOptimizer - DEBUG - Python\entities\client\Avatar.py is dirty, file will be rewrite
