2018-04-23 19:42:36,638 - TokenizeWalker - DEBUG - processing: client\avtmembers\impCombat.py
2018-04-23 19:42:36,638 - TokenizeWalker - DEBUG - processing: common\const.py
2018-04-23 19:42:36,638 - TokenizeWalker - DEBUG - processing: common\iCombatUnit.py
2018-04-23 19:42:36,640 - TokenizeWalker - DEBUG - processing: common\pokemon\pconst.py
2018-04-23 19:42:36,640 - TokenizeWalker - DEBUG - processing: common\pokemon\__init__.py
2018-04-23 19:42:36,641 - TokenizeWalker - DEBUG - processing: client\avtmembers\impPokemon.py
2018-04-23 19:42:36,641 - TokenizeWalker - DEBUG - processing: client\avtmembers\__init__.py
2018-04-23 19:42:36,641 - TokenizeWalker - DEBUG - processing: client\Avatar.py
2018-04-23 19:42:36,642 - VisitWalker - DEBUG - processing: client\avtmembers\impCombat.py
2018-04-23 19:42:36,644 - VisitWalker - DEBUG - processing: common\const.py
2018-04-23 19:42:36,645 - VisitWalker - DEBUG - processing: common\iCombatUnit.py
2018-04-23 19:42:36,647 - VisitWalker - DEBUG - processing: common\pokemon\pconst.py
2018-04-23 19:42:36,648 - VisitWalker - DEBUG - processing: common\pokemon\__init__.py
2018-04-23 19:42:36,648 - VisitWalker - DEBUG - processing: client\avtmembers\impPokemon.py
2018-04-23 19:42:36,650 - VisitWalker - DEBUG - processing: client\avtmembers\__init__.py
2018-04-23 19:42:36,651 - VisitWalker - DEBUG - processing: client\Avatar.py
2018-04-23 19:42:36,653 - TransformWalker - DEBUG - processing: client\Avatar.py
2018-04-23 19:42:36,664 - TransformWalker - DEBUG - processing: client\avtmembers\__init__.py
2018-04-23 19:42:36,667 - TransformWalker - DEBUG - processing: client\avtmembers\impPokemon.py
2018-04-23 19:42:36,668 - TransformWalker - DEBUG - processing: common\pokemon\__init__.py
2018-04-23 19:42:36,670 - TransformWalker - DEBUG - processing: common\pokemon\pconst.py
2018-04-23 19:42:36,671 - TransformWalker - DEBUG - processing: common\iCombatUnit.py
2018-04-23 19:42:36,671 - TransformWalker - DEBUG - processing: common\const.py
2018-04-23 19:42:36,673 - TransformWalker - DEBUG - processing: client\avtmembers\impCombat.py
