2018-04-23 19:36:47,799 - TokenizeWalker - DEBUG - processing: client\avtmembers\impCombat.py
2018-04-23 19:36:47,802 - TokenizeWalker - DEBUG - processing: common\const.py
2018-04-23 19:36:47,802 - TokenizeWalker - DEBUG - processing: common\iCombatUnit.py
2018-04-23 19:36:47,802 - TokenizeWalker - DEBUG - processing: common\pokemon\pconst.py
2018-04-23 19:36:47,802 - TokenizeWalker - DEBUG - processing: common\pokemon\__init__.py
2018-04-23 19:36:47,803 - TokenizeWalker - DEBUG - processing: client\avtmembers\impPokemon.py
2018-04-23 19:36:47,803 - TokenizeWalker - DEBUG - processing: client\avtmembers\__init__.py
2018-04-23 19:36:47,805 - TokenizeWalker - DEBUG - processing: client\Avatar.py
2018-04-23 19:36:47,805 - VisitWalker - DEBUG - processing: client\avtmembers\impCombat.py
2018-04-23 19:36:47,808 - VisitWalker - DEBUG - processing: common\const.py
2018-04-23 19:36:47,808 - VisitWalker - DEBUG - processing: common\iCombatUnit.py
2018-04-23 19:36:47,809 - VisitWalker - DEBUG - processing: common\pokemon\pconst.py
2018-04-23 19:36:47,809 - VisitWalker - DEBUG - processing: common\pokemon\__init__.py
2018-04-23 19:36:47,811 - VisitWalker - DEBUG - processing: client\avtmembers\impPokemon.py
2018-04-23 19:36:47,812 - VisitWalker - DEBUG - processing: client\avtmembers\__init__.py
2018-04-23 19:36:47,812 - VisitWalker - DEBUG - processing: client\Avatar.py
2018-04-23 19:36:47,816 - TransformWalker - DEBUG - processing: client\Avatar.py
2018-04-23 19:36:47,822 - TransformWalker - DEBUG - processing: client\avtmembers\__init__.py
2018-04-23 19:36:47,825 - TransformWalker - DEBUG - processing: client\avtmembers\impPokemon.py
2018-04-23 19:36:47,826 - TransformWalker - DEBUG - processing: common\pokemon\__init__.py
2018-04-23 19:36:47,828 - TransformWalker - DEBUG - processing: common\pokemon\pconst.py
2018-04-23 19:36:47,829 - TransformWalker - DEBUG - processing: common\iCombatUnit.py
2018-04-23 19:36:47,832 - TransformWalker - DEBUG - processing: common\const.py
2018-04-23 19:36:47,832 - TransformWalker - DEBUG - processing: client\avtmembers\impCombat.py
