2018-04-14 22:50:36,351 - TokenizeWalker - DEBUG - processing: common\const.py
2018-04-14 22:50:36,351 - TokenizeWalker - DEBUG - processing: common\pokemon\pconst.py
2018-04-14 22:50:36,352 - TokenizeWalker - DEBUG - processing: common\pokemon\__init__.py
2018-04-14 22:50:36,352 - TokenizeWalker - DEBUG - processing: client\avtmembers\impPokemon.py
2018-04-14 22:50:36,354 - TokenizeWalker - DEBUG - processing: client\avtmembers\__init__.py
2018-04-14 22:50:36,354 - TokenizeWalker - DEBUG - processing: client\Avatar.py
2018-04-14 22:50:36,357 - VisitWalker - DEBUG - processing: common\const.py
2018-04-14 22:50:36,358 - VisitWalker - DEBUG - processing: common\pokemon\pconst.py
2018-04-14 22:50:36,358 - VisitWalker - DEBUG - processing: common\pokemon\__init__.py
2018-04-14 22:50:36,358 - VisitWalker - DEBUG - processing: client\avtmembers\impPokemon.py
2018-04-14 22:50:36,361 - VisitWalker - DEBUG - processing: client\avtmembers\__init__.py
2018-04-14 22:50:36,361 - VisitWalker - DEBUG - processing: client\Avatar.py
2018-04-14 22:50:36,369 - TransformWalker - DEBUG - processing: client\Avatar.py
2018-04-14 22:50:36,375 - ComponentTransformer - DEBUG - Start merge class Avatar
2018-04-14 22:50:36,377 - ComponentTransformer - WARNING - Merge was skip because inherit AvatarRoleComponent in Python\entities\client\Avatar.py
2018-04-14 22:50:36,377 - TransformWalker - DEBUG - processing: client\avtmembers\__init__.py
2018-04-14 22:50:36,378 - TransformWalker - DEBUG - processing: client\avtmembers\impPokemon.py
2018-04-14 22:50:36,380 - TransformWalker - DEBUG - processing: common\pokemon\__init__.py
2018-04-14 22:50:36,380 - TransformWalker - DEBUG - processing: common\pokemon\pconst.py
2018-04-14 22:50:36,381 - TransformWalker - DEBUG - processing: common\const.py
