2018-04-23 20:00:29,118 - TokenizeWalker - DEBUG - processing: client\avtmembers\impCombat.py
2018-04-23 20:00:29,121 - TokenizeWalker - DEBUG - processing: common\const.py
2018-04-23 20:00:29,121 - TokenizeWalker - DEBUG - processing: common\iCombatUnit.py
2018-04-23 20:00:29,121 - TokenizeWalker - DEBUG - processing: common\pokemon\pconst.py
2018-04-23 20:00:29,122 - TokenizeWalker - DEBUG - processing: common\pokemon\__init__.py
2018-04-23 20:00:29,122 - TokenizeWalker - DEBUG - processing: client\avtmembers\impPokemon.py
2018-04-23 20:00:29,124 - TokenizeWalker - DEBUG - processing: client\avtmembers\__init__.py
2018-04-23 20:00:29,125 - TokenizeWalker - DEBUG - processing: client\Avatar.py
2018-04-23 20:00:29,125 - VisitWalker - DEBUG - processing: client\avtmembers\impCombat.py
2018-04-23 20:00:29,127 - VisitWalker - DEBUG - processing: common\const.py
2018-04-23 20:00:29,128 - VisitWalker - DEBUG - processing: common\iCombatUnit.py
2018-04-23 20:00:29,128 - VisitWalker - DEBUG - processing: common\pokemon\pconst.py
2018-04-23 20:00:29,130 - VisitWalker - DEBUG - processing: common\pokemon\__init__.py
2018-04-23 20:00:29,131 - VisitWalker - DEBUG - processing: client\avtmembers\impPokemon.py
2018-04-23 20:00:29,131 - VisitWalker - DEBUG - processing: client\avtmembers\__init__.py
2018-04-23 20:00:29,134 - VisitWalker - DEBUG - processing: client\Avatar.py
2018-04-23 20:00:29,135 - TransformWalker - DEBUG - processing: client\Avatar.py
2018-04-23 20:00:29,140 - TransformWalker - DEBUG - processing: client\avtmembers\__init__.py
2018-04-23 20:00:29,141 - TransformWalker - DEBUG - processing: client\avtmembers\impPokemon.py
2018-04-23 20:00:29,142 - TransformWalker - DEBUG - processing: common\pokemon\__init__.py
2018-04-23 20:00:29,144 - TransformWalker - DEBUG - processing: common\pokemon\pconst.py
2018-04-23 20:00:29,144 - TransformWalker - DEBUG - processing: common\iCombatUnit.py
2018-04-23 20:00:29,145 - TransformWalker - DEBUG - processing: common\const.py
2018-04-23 20:00:29,147 - TransformWalker - DEBUG - processing: client\avtmembers\impCombat.py
