2018-04-14 22:28:55,250 - TokenizeWalker - DEBUG - processing: common\const.py
2018-04-14 22:28:55,253 - TokenizeWalker - DEBUG - processing: common\pokemon\pconst.py
2018-04-14 22:28:55,253 - TokenizeWalker - DEBUG - processing: common\pokemon\__init__.py
2018-04-14 22:28:55,253 - TokenizeWalker - DEBUG - processing: client\avtmembers\impPokemon.py
2018-04-14 22:28:55,253 - TokenizeWalker - DEBUG - processing: client\avtmembers\__init__.py
2018-04-14 22:28:55,255 - TokenizeWalker - DEBUG - processing: client\Avatar.py
2018-04-14 22:28:55,256 - VisitWalker - DEBUG - processing: common\const.py
2018-04-14 22:28:55,257 - VisitWalker - DEBUG - processing: common\pokemon\pconst.py
2018-04-14 22:28:55,259 - VisitWalker - DEBUG - processing: common\pokemon\__init__.py
2018-04-14 22:28:55,259 - VisitWalker - DEBUG - processing: client\avtmembers\impPokemon.py
2018-04-14 22:28:55,260 - VisitWalker - DEBUG - processing: client\avtmembers\__init__.py
2018-04-14 22:28:55,262 - VisitWalker - DEBUG - processing: client\Avatar.py
2018-04-14 22:28:55,270 - TransformWalker - DEBUG - processing: client\Avatar.py
2018-04-14 22:28:55,276 - ComponentTransformer - DEBUG - Start merge class Avatar
2018-04-14 22:28:55,278 - ComponentTransformer - WARNING - Merge was skip because inherit AvatarRoleComponent in Python\entities\client\Avatar.py
2018-04-14 22:28:55,278 - TransformWalker - DEBUG - processing: client\avtmembers\__init__.py
2018-04-14 22:28:55,279 - TransformWalker - DEBUG - processing: client\avtmembers\impPokemon.py
2018-04-14 22:28:55,280 - TransformWalker - DEBUG - processing: common\pokemon\__init__.py
2018-04-14 22:28:55,282 - TransformWalker - DEBUG - processing: common\pokemon\pconst.py
2018-04-14 22:28:55,282 - TransformWalker - DEBUG - processing: common\const.py
