2018-04-23 19:58:36,023 - TokenizeWalker - DEBUG - processing: client\avtmembers\impCombat.py
2018-04-23 19:58:36,026 - TokenizeWalker - DEBUG - processing: common\const.py
2018-04-23 19:58:36,026 - TokenizeWalker - DEBUG - processing: common\iCombatUnit.py
2018-04-23 19:58:36,028 - TokenizeWalker - DEBUG - processing: common\pokemon\pconst.py
2018-04-23 19:58:36,028 - TokenizeWalker - DEBUG - processing: common\pokemon\__init__.py
2018-04-23 19:58:36,029 - TokenizeWalker - DEBUG - processing: client\avtmembers\impPokemon.py
2018-04-23 19:58:36,029 - TokenizeWalker - DEBUG - processing: client\avtmembers\__init__.py
2018-04-23 19:58:36,029 - TokenizeWalker - DEBUG - processing: client\Avatar.py
2018-04-23 19:58:36,029 - VisitWalker - DEBUG - processing: client\avtmembers\impCombat.py
2018-04-23 19:58:36,032 - VisitWalker - DEBUG - processing: common\const.py
2018-04-23 19:58:36,032 - VisitWalker - DEBUG - processing: common\iCombatUnit.py
2018-04-23 19:58:36,032 - VisitWalker - DEBUG - processing: common\pokemon\pconst.py
2018-04-23 19:58:36,033 - VisitWalker - DEBUG - processing: common\pokemon\__init__.py
2018-04-23 19:58:36,036 - VisitWalker - DEBUG - processing: client\avtmembers\impPokemon.py
2018-04-23 19:58:36,038 - VisitWalker - DEBUG - processing: client\avtmembers\__init__.py
2018-04-23 19:58:36,039 - VisitWalker - DEBUG - processing: client\Avatar.py
2018-04-23 19:58:36,040 - TransformWalker - DEBUG - processing: client\Avatar.py
2018-04-23 19:58:36,062 - TransformWalker - DEBUG - processing: client\avtmembers\__init__.py
2018-04-23 19:58:36,063 - TransformWalker - DEBUG - processing: client\avtmembers\impPokemon.py
2018-04-23 19:58:36,066 - TransformWalker - DEBUG - processing: common\pokemon\__init__.py
2018-04-23 19:58:36,068 - TransformWalker - DEBUG - processing: common\pokemon\pconst.py
2018-04-23 19:58:36,069 - TransformWalker - DEBUG - processing: common\iCombatUnit.py
2018-04-23 19:58:36,069 - TransformWalker - DEBUG - processing: common\const.py
2018-04-23 19:58:36,069 - TransformWalker - DEBUG - processing: client\avtmembers\impCombat.py
