2018-04-14 22:50:26,456 - TokenizeWalker - DEBUG - processing: common\const.py
2018-04-14 22:50:26,457 - TokenizeWalker - DEBUG - processing: common\pokemon\pconst.py
2018-04-14 22:50:26,457 - TokenizeWalker - DEBUG - processing: common\pokemon\__init__.py
2018-04-14 22:50:26,457 - TokenizeWalker - DEBUG - processing: client\avtmembers\impPokemon.py
2018-04-14 22:50:26,457 - TokenizeWalker - DEBUG - processing: client\avtmembers\__init__.py
2018-04-14 22:50:26,459 - TokenizeWalker - DEBUG - processing: client\Avatar.py
2018-04-14 22:50:26,460 - VisitWalker - DEBUG - processing: common\const.py
2018-04-14 22:50:26,461 - VisitWalker - DEBUG - processing: common\pokemon\pconst.py
2018-04-14 22:50:26,463 - VisitWalker - DEBUG - processing: common\pokemon\__init__.py
2018-04-14 22:50:26,463 - VisitWalker - DEBUG - processing: client\avtmembers\impPokemon.py
2018-04-14 22:50:26,464 - VisitWalker - DEBUG - processing: client\avtmembers\__init__.py
2018-04-14 22:50:26,467 - VisitWalker - DEBUG - processing: client\Avatar.py
2018-04-14 22:50:26,474 - TransformWalker - DEBUG - processing: client\Avatar.py
2018-04-14 22:50:26,480 - ComponentTransformer - DEBUG - Start merge class Avatar
2018-04-14 22:50:26,480 - ComponentTransformer - WARNING - Merge was skip because inherit AvatarRoleComponent in Python\entities\client\Avatar.py
2018-04-14 22:50:26,480 - TransformWalker - DEBUG - processing: client\avtmembers\__init__.py
2018-04-14 22:50:26,482 - TransformWalker - DEBUG - processing: client\avtmembers\impPokemon.py
2018-04-14 22:50:26,483 - TransformWalker - DEBUG - processing: common\pokemon\__init__.py
2018-04-14 22:50:26,483 - TransformWalker - DEBUG - processing: common\pokemon\pconst.py
2018-04-14 22:50:26,484 - TransformWalker - DEBUG - processing: common\const.py
