2018-04-27 16:06:09,072 - TokenizeWalker - DEBUG - processing: client\avtmembers\impCombat.py
2018-04-27 16:06:09,072 - TokenizeWalker - DEBUG - processing: common\const.py
2018-04-27 16:06:09,073 - TokenizeWalker - DEBUG - processing: common\pokemon\pconst.py
2018-04-27 16:06:09,073 - TokenizeWalker - DEBUG - processing: common\iBuffs.py
2018-04-27 16:06:09,101 - TokenizeWalker - DEBUG - processing: common\pokemon\__init__.py
2018-04-27 16:06:09,101 - TokenizeWalker - DEBUG - processing: client\avtmembers\impPokemon.py
2018-04-27 16:06:09,102 - TokenizeWalker - DEBUG - processing: client\avtmembers\__init__.py
2018-04-27 16:06:09,104 - TokenizeWalker - DEBUG - processing: client\Avatar.py
2018-04-27 16:06:09,105 - VisitWalker - DEBUG - processing: client\avtmembers\impCombat.py
2018-04-27 16:06:09,108 - VisitWalker - DEBUG - processing: common\const.py
2018-04-27 16:06:09,108 - VisitWalker - DEBUG - processing: common\pokemon\pconst.py
2018-04-27 16:06:09,109 - VisitWalker - DEBUG - processing: common\iBuffs.py
2018-04-27 16:06:09,184 - VisitWalker - DEBUG - processing: common\pokemon\__init__.py
2018-04-27 16:06:09,184 - VisitWalker - DEBUG - processing: client\avtmembers\impPokemon.py
2018-04-27 16:06:09,187 - VisitWalker - DEBUG - processing: client\avtmembers\__init__.py
2018-04-27 16:06:09,187 - VisitWalker - DEBUG - processing: client\Avatar.py
2018-04-27 16:06:09,190 - TransformWalker - DEBUG - processing: client\Avatar.py
2018-04-27 16:06:09,193 - TransformWalker - DEBUG - processing: client\avtmembers\__init__.py
2018-04-27 16:06:09,194 - TransformWalker - DEBUG - processing: client\avtmembers\impPokemon.py
2018-04-27 16:06:09,196 - TransformWalker - DEBUG - processing: common\pokemon\__init__.py
2018-04-27 16:06:09,197 - TransformWalker - DEBUG - processing: common\iBuffs.py
2018-04-27 16:06:09,269 - MessiahOptimizer - DEBUG - dump\common\iBuffs.py is dirty, file will be rewrite
2018-04-27 16:06:09,319 - TransformWalker - DEBUG - processing: common\pokemon\pconst.py
2018-04-27 16:06:09,321 - TransformWalker - DEBUG - processing: common\const.py
2018-04-27 16:06:09,322 - TransformWalker - DEBUG - processing: client\avtmembers\impCombat.py
