2018-04-15 17:46:33,221 - TokenizeWalker - DEBUG - processing: common\const.py
2018-04-15 17:46:33,223 - TokenizeWalker - DEBUG - processing: client\combatpokemonmembers\__init__.py
2018-04-15 17:46:33,223 - TokenizeWalker - DEBUG - processing: client\Model.py
2018-04-15 17:46:33,223 - TokenizeWalker - DEBUG - processing: client\CueCallback.py
2018-04-15 17:46:33,224 - TokenizeWalker - DEBUG - processing: common\pokemon\pconst.py
2018-04-15 17:46:33,226 - TokenizeWalker - DEBUG - processing: client\combatpokemonmembers\impDoubleRide.py
2018-04-15 17:46:33,226 - TokenizeWalker - DEBUG - processing: client\avatarmembers\__init__.py
2018-04-15 17:46:33,227 - TokenizeWalker - DEBUG - processing: client\CombatPokemon.py
2018-04-15 17:46:33,229 - TokenizeWalker - DEBUG - processing: common\pokemon\__init__.py
2018-04-15 17:46:33,230 - TokenizeWalker - DEBUG - processing: client\avatarmembers\impCombat.py
2018-04-15 17:46:33,230 - TokenizeWalker - DEBUG - processing: client\avatarmembers\impPokemon.py
2018-04-15 17:46:33,230 - TokenizeWalker - DEBUG - processing: client\avatarmembers\impDoubleRide.py
2018-04-15 17:46:33,230 - TokenizeWalker - DEBUG - processing: client\Avatar.py
2018-04-15 17:46:33,233 - VisitWalker - DEBUG - processing: common\const.py
2018-04-15 17:46:33,233 - VisitWalker - DEBUG - processing: client\combatpokemonmembers\__init__.py
2018-04-15 17:46:33,234 - VisitWalker - DEBUG - processing: client\Model.py
2018-04-15 17:46:33,236 - VisitWalker - DEBUG - processing: client\CueCallback.py
2018-04-15 17:46:33,240 - VisitWalker - DEBUG - processing: common\pokemon\pconst.py
2018-04-15 17:46:33,242 - VisitWalker - DEBUG - processing: client\combatpokemonmembers\impDoubleRide.py
2018-04-15 17:46:33,243 - VisitWalker - DEBUG - processing: client\avatarmembers\__init__.py
2018-04-15 17:46:33,244 - VisitWalker - DEBUG - processing: client\CombatPokemon.py
2018-04-15 17:46:33,247 - VisitWalker - DEBUG - processing: common\pokemon\__init__.py
2018-04-15 17:46:33,249 - VisitWalker - DEBUG - processing: client\avatarmembers\impCombat.py
2018-04-15 17:46:33,252 - VisitWalker - DEBUG - processing: client\avatarmembers\impPokemon.py
2018-04-15 17:46:33,253 - VisitWalker - DEBUG - processing: client\avatarmembers\impDoubleRide.py
2018-04-15 17:46:33,255 - VisitWalker - DEBUG - processing: client\Avatar.py
2018-04-15 17:46:33,259 - TransformWalker - DEBUG - processing: client\Avatar.py
2018-04-15 17:46:33,263 - TransformWalker - DEBUG - processing: client\avatarmembers\impDoubleRide.py
2018-04-15 17:46:33,266 - TransformWalker - DEBUG - processing: client\avatarmembers\impPokemon.py
2018-04-15 17:46:33,267 - TransformWalker - DEBUG - processing: client\avatarmembers\impCombat.py
2018-04-15 17:46:33,269 - TransformWalker - DEBUG - processing: common\pokemon\__init__.py
2018-04-15 17:46:33,270 - TransformWalker - DEBUG - processing: client\CombatPokemon.py
2018-04-15 17:46:33,273 - TransformWalker - DEBUG - processing: client\avatarmembers\__init__.py
2018-04-15 17:46:33,275 - TransformWalker - DEBUG - processing: client\combatpokemonmembers\impDoubleRide.py
2018-04-15 17:46:33,278 - TransformWalker - DEBUG - processing: common\pokemon\pconst.py
2018-04-15 17:46:33,279 - TransformWalker - DEBUG - processing: client\CueCallback.py
2018-04-15 17:46:33,282 - TransformWalker - DEBUG - processing: client\combatpokemonmembers\__init__.py
2018-04-15 17:46:33,283 - TransformWalker - DEBUG - processing: common\const.py
2018-04-15 17:46:33,285 - TransformWalker - DEBUG - processing: client\Model.py
2018-04-15 17:46:33,286 - ComponentTransformer - DEBUG - Start merge class DummyEffect
2018-04-15 17:46:33,289 - ComponentTransformer - DEBUG - Start merge class SimpleModel
2018-04-15 17:46:33,289 - MessiahOptimizer - DEBUG - dump\client\Model.py is dirty, file will be rewrite
