2018-04-23 19:42:18,631 - TokenizeWalker - DEBUG - processing: client\avtmembers\impCombat.py
2018-04-23 19:42:18,631 - TokenizeWalker - DEBUG - processing: common\const.py
2018-04-23 19:42:18,632 - TokenizeWalker - DEBUG - processing: common\iCombatUnit.py
2018-04-23 19:42:18,634 - TokenizeWalker - DEBUG - processing: common\pokemon\pconst.py
2018-04-23 19:42:18,634 - TokenizeWalker - DEBUG - processing: common\pokemon\__init__.py
2018-04-23 19:42:18,634 - TokenizeWalker - DEBUG - processing: client\avtmembers\impPokemon.py
2018-04-23 19:42:18,634 - TokenizeWalker - DEBUG - processing: client\avtmembers\__init__.py
2018-04-23 19:42:18,635 - TokenizeWalker - DEBUG - processing: client\Avatar.py
2018-04-23 19:42:18,637 - VisitWalker - DEBUG - processing: client\avtmembers\impCombat.py
2018-04-23 19:42:18,638 - VisitWalker - DEBUG - processing: common\const.py
2018-04-23 19:42:18,638 - VisitWalker - DEBUG - processing: common\iCombatUnit.py
2018-04-23 19:42:18,640 - VisitWalker - DEBUG - processing: common\pokemon\pconst.py
2018-04-23 19:42:18,641 - VisitWalker - DEBUG - processing: common\pokemon\__init__.py
2018-04-23 19:42:18,642 - VisitWalker - DEBUG - processing: client\avtmembers\impPokemon.py
2018-04-23 19:42:18,644 - VisitWalker - DEBUG - processing: client\avtmembers\__init__.py
2018-04-23 19:42:18,644 - VisitWalker - DEBUG - processing: client\Avatar.py
2018-04-23 19:42:18,647 - TransformWalker - DEBUG - processing: client\Avatar.py
2018-04-23 19:42:18,654 - TransformWalker - DEBUG - processing: client\avtmembers\__init__.py
2018-04-23 19:42:18,655 - TransformWalker - DEBUG - processing: client\avtmembers\impPokemon.py
2018-04-23 19:42:18,657 - TransformWalker - DEBUG - processing: common\pokemon\__init__.py
2018-04-23 19:42:18,658 - TransformWalker - DEBUG - processing: common\pokemon\pconst.py
2018-04-23 19:42:18,660 - TransformWalker - DEBUG - processing: common\iCombatUnit.py
2018-04-23 19:42:18,660 - TransformWalker - DEBUG - processing: common\const.py
2018-04-23 19:42:18,661 - TransformWalker - DEBUG - processing: client\avtmembers\impCombat.py
