2018-04-23 20:02:43,910 - TokenizeWalker - DEBUG - processing: client\avtmembers\impCombat.py
2018-04-23 20:02:43,911 - TokenizeWalker - DEBUG - processing: common\const.py
2018-04-23 20:02:43,911 - TokenizeWalker - DEBUG - processing: common\iCombatUnit.py
2018-04-23 20:02:43,911 - TokenizeWalker - DEBUG - processing: common\pokemon\pconst.py
2018-04-23 20:02:43,911 - TokenizeWalker - DEBUG - processing: common\pokemon\__init__.py
2018-04-23 20:02:43,913 - TokenizeWalker - DEBUG - processing: client\avtmembers\impPokemon.py
2018-04-23 20:02:43,913 - TokenizeWalker - DEBUG - processing: client\avtmembers\__init__.py
2018-04-23 20:02:43,914 - TokenizeWalker - DEBUG - processing: client\Avatar.py
2018-04-23 20:02:43,914 - VisitWalker - DEBUG - processing: client\avtmembers\impCombat.py
2018-04-23 20:02:43,915 - VisitWalker - DEBUG - processing: common\const.py
2018-04-23 20:02:43,917 - VisitWalker - DEBUG - processing: common\iCombatUnit.py
2018-04-23 20:02:43,917 - VisitWalker - DEBUG - processing: common\pokemon\pconst.py
2018-04-23 20:02:43,918 - VisitWalker - DEBUG - processing: common\pokemon\__init__.py
2018-04-23 20:02:43,918 - VisitWalker - DEBUG - processing: client\avtmembers\impPokemon.py
2018-04-23 20:02:43,921 - VisitWalker - DEBUG - processing: client\avtmembers\__init__.py
2018-04-23 20:02:43,921 - VisitWalker - DEBUG - processing: client\Avatar.py
2018-04-23 20:02:43,924 - TransformWalker - DEBUG - processing: client\Avatar.py
2018-04-23 20:02:43,927 - TransformWalker - DEBUG - processing: client\avtmembers\__init__.py
2018-04-23 20:02:43,927 - TransformWalker - DEBUG - processing: client\avtmembers\impPokemon.py
2018-04-23 20:02:43,930 - TransformWalker - DEBUG - processing: common\pokemon\__init__.py
2018-04-23 20:02:43,930 - TransformWalker - DEBUG - processing: common\pokemon\pconst.py
2018-04-23 20:02:43,931 - TransformWalker - DEBUG - processing: common\iCombatUnit.py
2018-04-23 20:02:43,933 - TransformWalker - DEBUG - processing: common\const.py
2018-04-23 20:02:43,934 - TransformWalker - DEBUG - processing: client\avtmembers\impCombat.py
