2018-04-28 15:32:49,349 - TokenizeWalker - DEBUG - processing: client\avtmembers\impCombat.py
2018-04-28 15:32:49,351 - TokenizeWalker - DEBUG - processing: common\const.py
2018-04-28 15:32:49,351 - TokenizeWalker - DEBUG - processing: common\pokemon\pconst.py
2018-04-28 15:32:49,351 - TokenizeWalker - DEBUG - processing: common\iBuffs.py
2018-04-28 15:32:49,378 - TokenizeWalker - DEBUG - processing: common\pokemon\__init__.py
2018-04-28 15:32:49,380 - TokenizeWalker - DEBUG - processing: client\avtmembers\impPokemon.py
2018-04-28 15:32:49,381 - TokenizeWalker - DEBUG - processing: client\avtmembers\__init__.py
2018-04-28 15:32:49,381 - TokenizeWalker - DEBUG - processing: client\Avatar.py
2018-04-28 15:32:49,381 - VisitWalker - DEBUG - processing: client\avtmembers\impCombat.py
2018-04-28 15:32:49,384 - VisitWalker - DEBUG - processing: common\const.py
2018-04-28 15:32:49,384 - VisitWalker - DEBUG - processing: common\pokemon\pconst.py
2018-04-28 15:32:49,385 - VisitWalker - DEBUG - processing: common\iBuffs.py
2018-04-28 15:32:49,453 - VisitWalker - DEBUG - processing: common\pokemon\__init__.py
2018-04-28 15:32:49,453 - VisitWalker - DEBUG - processing: client\avtmembers\impPokemon.py
2018-04-28 15:32:49,456 - VisitWalker - DEBUG - processing: client\avtmembers\__init__.py
2018-04-28 15:32:49,457 - VisitWalker - DEBUG - processing: client\Avatar.py
2018-04-28 15:32:49,459 - TransformWalker - DEBUG - processing: client\Avatar.py
2018-04-28 15:32:49,464 - TransformWalker - DEBUG - processing: client\avtmembers\__init__.py
2018-04-28 15:32:49,466 - TransformWalker - DEBUG - processing: client\avtmembers\impPokemon.py
2018-04-28 15:32:49,467 - TransformWalker - DEBUG - processing: common\pokemon\__init__.py
2018-04-28 15:32:49,469 - TransformWalker - DEBUG - processing: common\iBuffs.py
2018-04-28 15:32:50,117 - MessiahOptimizer - DEBUG - dump\common\iBuffs.py is dirty, file will be rewrite
2018-04-28 15:32:50,138 - TransformWalker - DEBUG - processing: common\pokemon\pconst.py
2018-04-28 15:32:50,140 - TransformWalker - DEBUG - processing: common\const.py
2018-04-28 15:32:50,140 - TransformWalker - DEBUG - processing: client\avtmembers\impCombat.py
