2018-04-14 22:51:51,049 - TokenizeWalker - DEBUG - processing: common\const.py
2018-04-14 22:51:51,051 - TokenizeWalker - DEBUG - processing: common\pokemon\pconst.py
2018-04-14 22:51:51,052 - TokenizeWalker - DEBUG - processing: common\pokemon\__init__.py
2018-04-14 22:51:51,052 - TokenizeWalker - DEBUG - processing: client\avtmembers\impPokemon.py
2018-04-14 22:51:51,053 - TokenizeWalker - DEBUG - processing: client\avtmembers\__init__.py
2018-04-14 22:51:51,055 - TokenizeWalker - DEBUG - processing: client\Avatar.py
2018-04-14 22:51:51,056 - VisitWalker - DEBUG - processing: common\const.py
2018-04-14 22:51:51,059 - VisitWalker - DEBUG - processing: common\pokemon\pconst.py
2018-04-14 22:51:51,059 - VisitWalker - DEBUG - processing: common\pokemon\__init__.py
2018-04-14 22:51:51,061 - VisitWalker - DEBUG - processing: client\avtmembers\impPokemon.py
2018-04-14 22:51:51,062 - VisitWalker - DEBUG - processing: client\avtmembers\__init__.py
2018-04-14 22:51:51,062 - VisitWalker - DEBUG - processing: client\Avatar.py
2018-04-14 22:51:51,086 - TransformWalker - DEBUG - processing: client\Avatar.py
2018-04-14 22:51:51,092 - ComponentTransformer - DEBUG - Start merge class Avatar
2018-04-14 22:51:51,092 - ComponentTransformer - WARNING - Merge was skip because inherit AvatarRoleComponent in Python\entities\client\Avatar.py
2018-04-14 22:51:51,094 - MessiahOptimizer - DEBUG - Python\entities\client\Avatar.py is dirty, file will be rewrite
2018-04-14 22:51:51,101 - TransformWalker - DEBUG - processing: client\avtmembers\__init__.py
2018-04-14 22:51:51,102 - TransformWalker - DEBUG - processing: common\pokemon\__init__.py
2018-04-14 22:51:51,104 - TransformWalker - DEBUG - processing: common\pokemon\pconst.py
2018-04-14 22:51:51,105 - TransformWalker - DEBUG - processing: common\const.py
2018-04-14 22:51:51,105 - TransformWalker - DEBUG - processing: client\avtmembers\impPokemon.py
