2018-04-23 20:18:02,553 - TokenizeWalker - DEBUG - processing: client\avtmembers\impCombat.py
2018-04-23 20:18:02,555 - TokenizeWalker - DEBUG - processing: common\const.py
2018-04-23 20:18:02,555 - TokenizeWalker - DEBUG - processing: common\iCombatUnit.py
2018-04-23 20:18:02,555 - TokenizeWalker - DEBUG - processing: common\pokemon\pconst.py
2018-04-23 20:18:02,555 - TokenizeWalker - DEBUG - processing: common\pokemon\__init__.py
2018-04-23 20:18:02,555 - TokenizeWalker - DEBUG - processing: client\avtmembers\impPokemon.py
2018-04-23 20:18:02,556 - TokenizeWalker - DEBUG - processing: client\avtmembers\__init__.py
2018-04-23 20:18:02,556 - TokenizeWalker - DEBUG - processing: client\Avatar.py
2018-04-23 20:18:02,558 - VisitWalker - DEBUG - processing: client\avtmembers\impCombat.py
2018-04-23 20:18:02,559 - VisitWalker - DEBUG - processing: common\const.py
2018-04-23 20:18:02,561 - VisitWalker - DEBUG - processing: common\iCombatUnit.py
2018-04-23 20:18:02,562 - VisitWalker - DEBUG - processing: common\pokemon\pconst.py
2018-04-23 20:18:02,562 - VisitWalker - DEBUG - processing: common\pokemon\__init__.py
2018-04-23 20:18:02,563 - VisitWalker - DEBUG - processing: client\avtmembers\impPokemon.py
2018-04-23 20:18:02,565 - VisitWalker - DEBUG - processing: client\avtmembers\__init__.py
2018-04-23 20:18:02,565 - VisitWalker - DEBUG - processing: client\Avatar.py
2018-04-23 20:18:02,568 - TransformWalker - DEBUG - processing: client\Avatar.py
2018-04-23 20:18:02,572 - MessiahOptimizer - DEBUG - dump\client\Avatar.py is dirty, file will be rewrite
2018-04-23 20:18:02,575 - TransformWalker - DEBUG - processing: client\avtmembers\__init__.py
2018-04-23 20:18:02,575 - TransformWalker - DEBUG - processing: client\avtmembers\impPokemon.py
2018-04-23 20:18:02,578 - TransformWalker - DEBUG - processing: common\pokemon\__init__.py
2018-04-23 20:18:02,578 - TransformWalker - DEBUG - processing: common\pokemon\pconst.py
2018-04-23 20:18:02,579 - TransformWalker - DEBUG - processing: common\iCombatUnit.py
2018-04-23 20:18:02,581 - TransformWalker - DEBUG - processing: common\const.py
2018-04-23 20:18:02,582 - TransformWalker - DEBUG - processing: client\avtmembers\impCombat.py
