2018-04-14 23:07:52,318 - TokenizeWalker - DEBUG - processing: common\const.py
2018-04-14 23:07:52,319 - TokenizeWalker - DEBUG - processing: common\pokemon\pconst.py
2018-04-14 23:07:52,319 - TokenizeWalker - DEBUG - processing: common\pokemon\__init__.py
2018-04-14 23:07:52,319 - TokenizeWalker - DEBUG - processing: client\avtmembers\impPokemon.py
2018-04-14 23:07:52,321 - TokenizeWalker - DEBUG - processing: client\avtmembers\__init__.py
2018-04-14 23:07:52,321 - TokenizeWalker - DEBUG - processing: client\Avatar.py
2018-04-14 23:07:52,322 - VisitWalker - DEBUG - processing: common\const.py
2018-04-14 23:07:52,323 - VisitWalker - DEBUG - processing: common\pokemon\pconst.py
2018-04-14 23:07:52,325 - VisitWalker - DEBUG - processing: common\pokemon\__init__.py
2018-04-14 23:07:52,325 - VisitWalker - DEBUG - processing: client\avtmembers\impPokemon.py
2018-04-14 23:07:52,328 - VisitWalker - DEBUG - processing: client\avtmembers\__init__.py
2018-04-14 23:07:52,328 - VisitWalker - DEBUG - processing: client\Avatar.py
2018-04-14 23:07:52,339 - TransformWalker - DEBUG - processing: client\Avatar.py
2018-04-14 23:07:52,345 - ComponentTransformer - DEBUG - Start merge class Avatar
2018-04-14 23:07:52,346 - ComponentTransformer - WARNING - Merge was skip because inherit AvatarRoleComponent in Python\entities\client\Avatar.py
2018-04-14 23:07:52,348 - TransformWalker - DEBUG - processing: client\avtmembers\__init__.py
2018-04-14 23:07:52,348 - TransformWalker - DEBUG - processing: client\avtmembers\impPokemon.py
2018-04-14 23:07:52,349 - TransformWalker - DEBUG - processing: common\pokemon\__init__.py
2018-04-14 23:07:52,351 - TransformWalker - DEBUG - processing: common\pokemon\pconst.py
2018-04-14 23:07:52,351 - TransformWalker - DEBUG - processing: common\const.py
