2018-04-14 22:46:26,313 - TokenizeWalker - DEBUG - processing: common\const.py
2018-04-14 22:46:26,315 - TokenizeWalker - DEBUG - processing: common\pokemon\pconst.py
2018-04-14 22:46:26,315 - TokenizeWalker - DEBUG - processing: common\pokemon\__init__.py
2018-04-14 22:46:26,315 - TokenizeWalker - DEBUG - processing: client\avtmembers\impPokemon.py
2018-04-14 22:46:26,316 - TokenizeWalker - DEBUG - processing: client\avtmembers\__init__.py
2018-04-14 22:46:26,316 - TokenizeWalker - DEBUG - processing: client\Avatar.py
2018-04-14 22:46:26,319 - VisitWalker - DEBUG - processing: common\const.py
2018-04-14 22:46:26,319 - VisitWalker - DEBUG - processing: common\pokemon\pconst.py
2018-04-14 22:46:26,321 - VisitWalker - DEBUG - processing: common\pokemon\__init__.py
2018-04-14 22:46:26,322 - VisitWalker - DEBUG - processing: client\avtmembers\impPokemon.py
2018-04-14 22:46:26,322 - VisitWalker - DEBUG - processing: client\avtmembers\__init__.py
2018-04-14 22:46:26,325 - VisitWalker - DEBUG - processing: client\Avatar.py
2018-04-14 22:46:26,331 - TransformWalker - DEBUG - processing: client\Avatar.py
2018-04-14 22:46:26,335 - ComponentTransformer - DEBUG - Start merge class Avatar
2018-04-14 22:46:26,336 - ComponentTransformer - WARNING - Merge was skip because inherit AvatarRoleComponent in Python\entities\client\Avatar.py
2018-04-14 22:46:26,336 - TransformWalker - DEBUG - processing: client\avtmembers\__init__.py
2018-04-14 22:46:26,338 - TransformWalker - DEBUG - processing: client\avtmembers\impPokemon.py
2018-04-14 22:46:26,339 - TransformWalker - DEBUG - processing: common\pokemon\__init__.py
2018-04-14 22:46:26,341 - TransformWalker - DEBUG - processing: common\pokemon\pconst.py
2018-04-14 22:46:26,342 - TransformWalker - DEBUG - processing: common\const.py
