2018-04-14 22:32:23,315 - TokenizeWalker - DEBUG - processing: common\const.py
2018-04-14 22:32:23,316 - TokenizeWalker - DEBUG - processing: common\pokemon\pconst.py
2018-04-14 22:32:23,318 - TokenizeWalker - DEBUG - processing: common\pokemon\__init__.py
2018-04-14 22:32:23,318 - TokenizeWalker - DEBUG - processing: client\avtmembers\impPokemon.py
2018-04-14 22:32:23,319 - TokenizeWalker - DEBUG - processing: client\avtmembers\__init__.py
2018-04-14 22:32:23,319 - TokenizeWalker - DEBUG - processing: client\Avatar.py
2018-04-14 22:32:23,321 - VisitWalker - DEBUG - processing: common\const.py
2018-04-14 22:32:23,322 - VisitWalker - DEBUG - processing: common\pokemon\pconst.py
2018-04-14 22:32:23,323 - VisitWalker - DEBUG - processing: common\pokemon\__init__.py
2018-04-14 22:32:23,325 - VisitWalker - DEBUG - processing: client\avtmembers\impPokemon.py
2018-04-14 22:32:23,326 - VisitWalker - DEBUG - processing: client\avtmembers\__init__.py
2018-04-14 22:32:23,328 - VisitWalker - DEBUG - processing: client\Avatar.py
2018-04-14 22:32:23,335 - TransformWalker - DEBUG - processing: client\Avatar.py
2018-04-14 22:32:23,341 - ComponentTransformer - DEBUG - Start merge class Avatar
2018-04-14 22:32:23,341 - ComponentTransformer - WARNING - Merge was skip because inherit AvatarRoleComponent in Python\entities\client\Avatar.py
2018-04-14 22:32:23,342 - TransformWalker - DEBUG - processing: client\avtmembers\__init__.py
2018-04-14 22:32:23,344 - TransformWalker - DEBUG - processing: client\avtmembers\impPokemon.py
2018-04-14 22:32:23,345 - TransformWalker - DEBUG - processing: common\pokemon\__init__.py
2018-04-14 22:32:23,346 - TransformWalker - DEBUG - processing: common\pokemon\pconst.py
2018-04-14 22:32:23,348 - TransformWalker - DEBUG - processing: common\const.py
