2018-04-23 19:20:37,773 - TokenizeWalker - DEBUG - processing: client\avtmembers\impCombat.py
2018-04-23 19:20:37,773 - TokenizeWalker - DEBUG - processing: common\const.py
2018-04-23 19:20:37,775 - TokenizeWalker - DEBUG - processing: common\iCombatUnit.py
2018-04-23 19:20:37,775 - TokenizeWalker - DEBUG - processing: common\pokemon\pconst.py
2018-04-23 19:20:37,775 - TokenizeWalker - DEBUG - processing: common\pokemon\__init__.py
2018-04-23 19:20:37,776 - TokenizeWalker - DEBUG - processing: client\avtmembers\impPokemon.py
2018-04-23 19:20:37,776 - TokenizeWalker - DEBUG - processing: client\avtmembers\__init__.py
2018-04-23 19:20:37,776 - TokenizeWalker - DEBUG - processing: client\Avatar.py
2018-04-23 19:20:37,778 - VisitWalker - DEBUG - processing: client\avtmembers\impCombat.py
2018-04-23 19:20:37,779 - VisitWalker - DEBUG - processing: common\const.py
2018-04-23 19:20:37,780 - VisitWalker - DEBUG - processing: common\iCombatUnit.py
2018-04-23 19:20:37,782 - VisitWalker - DEBUG - processing: common\pokemon\pconst.py
2018-04-23 19:20:37,782 - VisitWalker - DEBUG - processing: common\pokemon\__init__.py
2018-04-23 19:20:37,783 - VisitWalker - DEBUG - processing: client\avtmembers\impPokemon.py
2018-04-23 19:20:37,785 - VisitWalker - DEBUG - processing: client\avtmembers\__init__.py
2018-04-23 19:20:37,786 - VisitWalker - DEBUG - processing: client\Avatar.py
2018-04-23 19:20:37,789 - TransformWalker - DEBUG - processing: client\Avatar.py
2018-04-23 19:20:37,790 - TransformWalker - DEBUG - processing: client\avtmembers\__init__.py
2018-04-23 19:20:37,792 - TransformWalker - DEBUG - processing: client\avtmembers\impPokemon.py
2018-04-23 19:20:37,793 - TransformWalker - DEBUG - processing: common\pokemon\__init__.py
2018-04-23 19:20:37,795 - TransformWalker - DEBUG - processing: common\pokemon\pconst.py
2018-04-23 19:20:37,796 - TransformWalker - DEBUG - processing: common\iCombatUnit.py
2018-04-23 19:20:37,798 - TransformWalker - DEBUG - processing: common\const.py
2018-04-23 19:20:37,799 - TransformWalker - DEBUG - processing: client\avtmembers\impCombat.py
