2018-04-14 22:46:01,792 - TokenizeWalker - DEBUG - processing: common\const.py
2018-04-14 22:46:01,793 - TokenizeWalker - DEBUG - processing: common\pokemon\pconst.py
2018-04-14 22:46:01,793 - TokenizeWalker - DEBUG - processing: common\pokemon\__init__.py
2018-04-14 22:46:01,795 - TokenizeWalker - DEBUG - processing: client\avtmembers\impPokemon.py
2018-04-14 22:46:01,795 - TokenizeWalker - DEBUG - processing: client\avtmembers\__init__.py
2018-04-14 22:46:01,796 - TokenizeWalker - DEBUG - processing: client\Avatar.py
2018-04-14 22:46:01,798 - VisitWalker - DEBUG - processing: common\const.py
2018-04-14 22:46:01,799 - VisitWalker - DEBUG - processing: common\pokemon\pconst.py
2018-04-14 22:46:01,799 - VisitWalker - DEBUG - processing: common\pokemon\__init__.py
2018-04-14 22:46:01,801 - VisitWalker - DEBUG - processing: client\avtmembers\impPokemon.py
2018-04-14 22:46:01,802 - VisitWalker - DEBUG - processing: client\avtmembers\__init__.py
2018-04-14 22:46:01,803 - VisitWalker - DEBUG - processing: client\Avatar.py
2018-04-14 22:46:01,809 - TransformWalker - DEBUG - processing: client\Avatar.py
2018-04-14 22:46:01,815 - ComponentTransformer - DEBUG - Start merge class Avatar
2018-04-14 22:46:01,815 - ComponentTransformer - WARNING - Merge was skip because inherit AvatarRoleComponent in Python\entities\client\Avatar.py
2018-04-14 22:46:01,815 - TransformWalker - DEBUG - processing: client\avtmembers\__init__.py
2018-04-14 22:46:01,816 - TransformWalker - DEBUG - processing: client\avtmembers\impPokemon.py
2018-04-14 22:46:01,819 - TransformWalker - DEBUG - processing: common\pokemon\__init__.py
2018-04-14 22:46:01,819 - TransformWalker - DEBUG - processing: common\pokemon\pconst.py
2018-04-14 22:46:01,819 - TransformWalker - DEBUG - processing: common\const.py
