2018-04-23 19:51:34,964 - TokenizeWalker - DEBUG - processing: client\avtmembers\impCombat.py
2018-04-23 19:51:34,966 - TokenizeWalker - DEBUG - processing: common\const.py
2018-04-23 19:51:34,967 - TokenizeWalker - DEBUG - processing: common\iCombatUnit.py
2018-04-23 19:51:34,967 - TokenizeWalker - DEBUG - processing: common\pokemon\pconst.py
2018-04-23 19:51:34,967 - TokenizeWalker - DEBUG - processing: common\pokemon\__init__.py
2018-04-23 19:51:34,967 - TokenizeWalker - DEBUG - processing: client\avtmembers\impPokemon.py
2018-04-23 19:51:34,967 - TokenizeWalker - DEBUG - processing: client\avtmembers\__init__.py
2018-04-23 19:51:34,969 - TokenizeWalker - DEBUG - processing: client\Avatar.py
2018-04-23 19:51:34,970 - VisitWalker - DEBUG - processing: client\avtmembers\impCombat.py
2018-04-23 19:51:34,970 - VisitWalker - DEBUG - processing: common\const.py
2018-04-23 19:51:34,971 - VisitWalker - DEBUG - processing: common\iCombatUnit.py
2018-04-23 19:51:34,973 - VisitWalker - DEBUG - processing: common\pokemon\pconst.py
2018-04-23 19:51:34,973 - VisitWalker - DEBUG - processing: common\pokemon\__init__.py
2018-04-23 19:51:34,973 - VisitWalker - DEBUG - processing: client\avtmembers\impPokemon.py
2018-04-23 19:51:34,976 - VisitWalker - DEBUG - processing: client\avtmembers\__init__.py
2018-04-23 19:51:34,977 - VisitWalker - DEBUG - processing: client\Avatar.py
2018-04-23 19:51:34,980 - TransformWalker - DEBUG - processing: client\Avatar.py
2018-04-23 19:51:34,994 - TransformWalker - DEBUG - processing: client\avtmembers\__init__.py
2018-04-23 19:51:34,999 - TransformWalker - DEBUG - processing: client\avtmembers\impPokemon.py
2018-04-23 19:51:35,003 - TransformWalker - DEBUG - processing: common\pokemon\__init__.py
2018-04-23 19:51:35,003 - TransformWalker - DEBUG - processing: common\pokemon\pconst.py
2018-04-23 19:51:35,005 - TransformWalker - DEBUG - processing: common\iCombatUnit.py
2018-04-23 19:51:35,006 - TransformWalker - DEBUG - processing: common\const.py
2018-04-23 19:51:35,012 - TransformWalker - DEBUG - processing: client\avtmembers\impCombat.py
