2018-05-02 17:21:29,983 - TokenizeWalker - DEBUG - processing: client\avtmembers\impCombat.py
2018-05-02 17:21:29,984 - TokenizeWalker - DEBUG - processing: common\const.py
2018-05-02 17:21:29,986 - TokenizeWalker - DEBUG - processing: common\pokemon\pconst.py
2018-05-02 17:21:29,986 - TokenizeWalker - DEBUG - processing: common\iBuffs.py
2018-05-02 17:21:30,012 - TokenizeWalker - DEBUG - processing: common\pokemon\__init__.py
2018-05-02 17:21:30,013 - TokenizeWalker - DEBUG - processing: client\avtmembers\impPokemon.py
2018-05-02 17:21:30,013 - TokenizeWalker - DEBUG - processing: client\avtmembers\__init__.py
2018-05-02 17:21:30,015 - TokenizeWalker - DEBUG - processing: client\Avatar.py
2018-05-02 17:21:30,015 - VisitWalker - DEBUG - processing: client\avtmembers\impCombat.py
2018-05-02 17:21:30,016 - VisitWalker - DEBUG - processing: common\const.py
2018-05-02 17:21:30,017 - VisitWalker - DEBUG - processing: common\pokemon\pconst.py
2018-05-02 17:21:30,019 - VisitWalker - DEBUG - processing: common\iBuffs.py
2018-05-02 17:21:30,101 - VisitWalker - DEBUG - processing: common\pokemon\__init__.py
2018-05-02 17:21:30,101 - VisitWalker - DEBUG - processing: client\avtmembers\impPokemon.py
2018-05-02 17:21:30,102 - VisitWalker - DEBUG - processing: client\avtmembers\__init__.py
2018-05-02 17:21:30,104 - VisitWalker - DEBUG - processing: client\Avatar.py
2018-05-02 17:21:30,105 - TransformWalker - DEBUG - processing: client\Avatar.py
2018-05-02 17:21:30,108 - InlineTransformer - WARNING - inline function of iBuff_ShapeShiftName cannot inline with Python\entities\client\Avatar.py because of duplicate name of PNID
2018-05-02 17:21:30,109 - TransformWalker - DEBUG - processing: client\avtmembers\__init__.py
2018-05-02 17:21:30,111 - TransformWalker - DEBUG - processing: client\avtmembers\impPokemon.py
2018-05-02 17:21:30,112 - TransformWalker - DEBUG - processing: common\pokemon\__init__.py
2018-05-02 17:21:30,114 - TransformWalker - DEBUG - processing: common\iBuffs.py
2018-05-02 17:21:30,184 - MessiahOptimizer - DEBUG - dump\common\iBuffs.py is dirty, file will be rewrite
2018-05-02 17:21:30,203 - TransformWalker - DEBUG - processing: common\pokemon\pconst.py
2018-05-02 17:21:30,206 - TransformWalker - DEBUG - processing: common\const.py
2018-05-02 17:21:30,207 - TransformWalker - DEBUG - processing: client\avtmembers\impCombat.py
