2018-04-23 19:56:42,325 - TokenizeWalker - DEBUG - processing: client\avtmembers\impCombat.py
2018-04-23 19:56:42,325 - TokenizeWalker - DEBUG - processing: common\const.py
2018-04-23 19:56:42,326 - TokenizeWalker - DEBUG - processing: common\iCombatUnit.py
2018-04-23 19:56:42,328 - TokenizeWalker - DEBUG - processing: common\pokemon\pconst.py
2018-04-23 19:56:42,328 - TokenizeWalker - DEBUG - processing: common\pokemon\__init__.py
2018-04-23 19:56:42,328 - TokenizeWalker - DEBUG - processing: client\avtmembers\impPokemon.py
2018-04-23 19:56:42,328 - TokenizeWalker - DEBUG - processing: client\avtmembers\__init__.py
2018-04-23 19:56:42,329 - TokenizeWalker - DEBUG - processing: client\Avatar.py
2018-04-23 19:56:42,331 - VisitWalker - DEBUG - processing: client\avtmembers\impCombat.py
2018-04-23 19:56:42,332 - VisitWalker - DEBUG - processing: common\const.py
2018-04-23 19:56:42,332 - VisitWalker - DEBUG - processing: common\iCombatUnit.py
2018-04-23 19:56:42,334 - VisitWalker - DEBUG - processing: common\pokemon\pconst.py
2018-04-23 19:56:42,335 - VisitWalker - DEBUG - processing: common\pokemon\__init__.py
2018-04-23 19:56:42,335 - VisitWalker - DEBUG - processing: client\avtmembers\impPokemon.py
2018-04-23 19:56:42,336 - VisitWalker - DEBUG - processing: client\avtmembers\__init__.py
2018-04-23 19:56:42,338 - VisitWalker - DEBUG - processing: client\Avatar.py
2018-04-23 19:56:42,341 - TransformWalker - DEBUG - processing: client\Avatar.py
2018-04-23 19:56:42,349 - TransformWalker - DEBUG - processing: client\avtmembers\__init__.py
2018-04-23 19:56:42,352 - TransformWalker - DEBUG - processing: client\avtmembers\impPokemon.py
2018-04-23 19:56:42,355 - TransformWalker - DEBUG - processing: common\pokemon\__init__.py
2018-04-23 19:56:42,357 - TransformWalker - DEBUG - processing: common\pokemon\pconst.py
2018-04-23 19:56:42,358 - TransformWalker - DEBUG - processing: common\iCombatUnit.py
2018-04-23 19:56:42,358 - TransformWalker - DEBUG - processing: common\const.py
2018-04-23 19:56:42,358 - TransformWalker - DEBUG - processing: client\avtmembers\impCombat.py
