2018-04-23 20:26:21,546 - TokenizeWalker - DEBUG - processing: client\avtmembers\impCombat.py
2018-04-23 20:26:21,546 - TokenizeWalker - DEBUG - processing: common\const.py
2018-04-23 20:26:21,548 - TokenizeWalker - DEBUG - processing: common\iCombatUnit.py
2018-04-23 20:26:21,548 - TokenizeWalker - DEBUG - processing: common\pokemon\pconst.py
2018-04-23 20:26:21,549 - TokenizeWalker - DEBUG - processing: common\pokemon\__init__.py
2018-04-23 20:26:21,549 - TokenizeWalker - DEBUG - processing: client\avtmembers\impPokemon.py
2018-04-23 20:26:21,549 - TokenizeWalker - DEBUG - processing: client\avtmembers\__init__.py
2018-04-23 20:26:21,549 - TokenizeWalker - DEBUG - processing: client\Avatar.py
2018-04-23 20:26:21,551 - VisitWalker - DEBUG - processing: client\avtmembers\impCombat.py
2018-04-23 20:26:21,552 - VisitWalker - DEBUG - processing: common\const.py
2018-04-23 20:26:21,553 - VisitWalker - DEBUG - processing: common\iCombatUnit.py
2018-04-23 20:26:21,555 - VisitWalker - DEBUG - processing: common\pokemon\pconst.py
2018-04-23 20:26:21,555 - VisitWalker - DEBUG - processing: common\pokemon\__init__.py
2018-04-23 20:26:21,555 - VisitWalker - DEBUG - processing: client\avtmembers\impPokemon.py
2018-04-23 20:26:21,558 - VisitWalker - DEBUG - processing: client\avtmembers\__init__.py
2018-04-23 20:26:21,559 - VisitWalker - DEBUG - processing: client\Avatar.py
2018-04-23 20:26:21,562 - TransformWalker - DEBUG - processing: client\Avatar.py
2018-04-23 20:26:21,566 - MessiahOptimizer - DEBUG - dump\client\Avatar.py is dirty, file will be rewrite
2018-04-23 20:26:21,569 - TransformWalker - DEBUG - processing: client\avtmembers\__init__.py
2018-04-23 20:26:21,575 - TransformWalker - DEBUG - processing: client\avtmembers\impPokemon.py
2018-04-23 20:26:21,578 - TransformWalker - DEBUG - processing: common\pokemon\__init__.py
2018-04-23 20:26:21,578 - TransformWalker - DEBUG - processing: common\pokemon\pconst.py
2018-04-23 20:26:21,579 - TransformWalker - DEBUG - processing: common\iCombatUnit.py
2018-04-23 20:26:21,581 - TransformWalker - DEBUG - processing: common\const.py
2018-04-23 20:26:21,582 - TransformWalker - DEBUG - processing: client\avtmembers\impCombat.py
