2018-04-23 19:37:44,250 - TokenizeWalker - DEBUG - processing: client\avtmembers\impCombat.py
2018-04-23 19:37:44,253 - TokenizeWalker - DEBUG - processing: common\const.py
2018-04-23 19:37:44,253 - TokenizeWalker - DEBUG - processing: common\iCombatUnit.py
2018-04-23 19:37:44,253 - TokenizeWalker - DEBUG - processing: common\pokemon\pconst.py
2018-04-23 19:37:44,255 - TokenizeWalker - DEBUG - processing: common\pokemon\__init__.py
2018-04-23 19:37:44,256 - TokenizeWalker - DEBUG - processing: client\avtmembers\impPokemon.py
2018-04-23 19:37:44,256 - TokenizeWalker - DEBUG - processing: client\avtmembers\__init__.py
2018-04-23 19:37:44,256 - TokenizeWalker - DEBUG - processing: client\Avatar.py
2018-04-23 19:37:44,257 - VisitWalker - DEBUG - processing: client\avtmembers\impCombat.py
2018-04-23 19:37:44,259 - VisitWalker - DEBUG - processing: common\const.py
2018-04-23 19:37:44,260 - VisitWalker - DEBUG - processing: common\iCombatUnit.py
2018-04-23 19:37:44,260 - VisitWalker - DEBUG - processing: common\pokemon\pconst.py
2018-04-23 19:37:44,262 - VisitWalker - DEBUG - processing: common\pokemon\__init__.py
2018-04-23 19:37:44,263 - VisitWalker - DEBUG - processing: client\avtmembers\impPokemon.py
2018-04-23 19:37:44,266 - VisitWalker - DEBUG - processing: client\avtmembers\__init__.py
2018-04-23 19:37:44,266 - VisitWalker - DEBUG - processing: client\Avatar.py
2018-04-23 19:37:44,269 - TransformWalker - DEBUG - processing: client\Avatar.py
2018-04-23 19:37:44,276 - TransformWalker - DEBUG - processing: client\avtmembers\__init__.py
2018-04-23 19:37:44,279 - TransformWalker - DEBUG - processing: client\avtmembers\impPokemon.py
2018-04-23 19:37:44,282 - TransformWalker - DEBUG - processing: common\pokemon\__init__.py
2018-04-23 19:37:44,282 - TransformWalker - DEBUG - processing: common\pokemon\pconst.py
2018-04-23 19:37:44,282 - TransformWalker - DEBUG - processing: common\iCombatUnit.py
2018-04-23 19:37:44,283 - TransformWalker - DEBUG - processing: common\const.py
2018-04-23 19:37:44,289 - TransformWalker - DEBUG - processing: client\avtmembers\impCombat.py
