2018-04-23 19:43:38,545 - TokenizeWalker - DEBUG - processing: client\avtmembers\impCombat.py
2018-04-23 19:43:38,546 - TokenizeWalker - DEBUG - processing: common\const.py
2018-04-23 19:43:38,546 - TokenizeWalker - DEBUG - processing: common\iCombatUnit.py
2018-04-23 19:43:38,546 - TokenizeWalker - DEBUG - processing: common\pokemon\pconst.py
2018-04-23 19:43:38,546 - TokenizeWalker - DEBUG - processing: common\pokemon\__init__.py
2018-04-23 19:43:38,548 - TokenizeWalker - DEBUG - processing: client\avtmembers\impPokemon.py
2018-04-23 19:43:38,549 - TokenizeWalker - DEBUG - processing: client\avtmembers\__init__.py
2018-04-23 19:43:38,549 - TokenizeWalker - DEBUG - processing: client\Avatar.py
2018-04-23 19:43:38,552 - VisitWalker - DEBUG - processing: client\avtmembers\impCombat.py
2018-04-23 19:43:38,553 - VisitWalker - DEBUG - processing: common\const.py
2018-04-23 19:43:38,555 - VisitWalker - DEBUG - processing: common\iCombatUnit.py
2018-04-23 19:43:38,555 - VisitWalker - DEBUG - processing: common\pokemon\pconst.py
2018-04-23 19:43:38,556 - VisitWalker - DEBUG - processing: common\pokemon\__init__.py
2018-04-23 19:43:38,558 - VisitWalker - DEBUG - processing: client\avtmembers\impPokemon.py
2018-04-23 19:43:38,559 - VisitWalker - DEBUG - processing: client\avtmembers\__init__.py
2018-04-23 19:43:38,561 - VisitWalker - DEBUG - processing: client\Avatar.py
2018-04-23 19:43:38,565 - TransformWalker - DEBUG - processing: client\Avatar.py
2018-04-23 19:43:38,578 - TransformWalker - DEBUG - processing: client\avtmembers\__init__.py
2018-04-23 19:43:38,584 - TransformWalker - DEBUG - processing: client\avtmembers\impPokemon.py
2018-04-23 19:43:38,586 - TransformWalker - DEBUG - processing: common\pokemon\__init__.py
2018-04-23 19:43:38,588 - TransformWalker - DEBUG - processing: common\pokemon\pconst.py
2018-04-23 19:43:38,588 - TransformWalker - DEBUG - processing: common\iCombatUnit.py
2018-04-23 19:43:38,591 - TransformWalker - DEBUG - processing: common\const.py
2018-04-23 19:43:38,592 - TransformWalker - DEBUG - processing: client\avtmembers\impCombat.py
