2018-04-23 19:37:38,351 - TokenizeWalker - DEBUG - processing: client\avtmembers\impCombat.py
2018-04-23 19:37:38,352 - TokenizeWalker - DEBUG - processing: common\const.py
2018-04-23 19:37:38,354 - TokenizeWalker - DEBUG - processing: common\iCombatUnit.py
2018-04-23 19:37:38,355 - TokenizeWalker - DEBUG - processing: common\pokemon\pconst.py
2018-04-23 19:37:38,355 - TokenizeWalker - DEBUG - processing: common\pokemon\__init__.py
2018-04-23 19:37:38,355 - TokenizeWalker - DEBUG - processing: client\avtmembers\impPokemon.py
2018-04-23 19:37:38,357 - TokenizeWalker - DEBUG - processing: client\avtmembers\__init__.py
2018-04-23 19:37:38,358 - TokenizeWalker - DEBUG - processing: client\Avatar.py
2018-04-23 19:37:38,358 - VisitWalker - DEBUG - processing: client\avtmembers\impCombat.py
2018-04-23 19:37:38,359 - VisitWalker - DEBUG - processing: common\const.py
2018-04-23 19:37:38,361 - VisitWalker - DEBUG - processing: common\iCombatUnit.py
2018-04-23 19:37:38,361 - VisitWalker - DEBUG - processing: common\pokemon\pconst.py
2018-04-23 19:37:38,362 - VisitWalker - DEBUG - processing: common\pokemon\__init__.py
2018-04-23 19:37:38,364 - VisitWalker - DEBUG - processing: client\avtmembers\impPokemon.py
2018-04-23 19:37:38,365 - VisitWalker - DEBUG - processing: client\avtmembers\__init__.py
2018-04-23 19:37:38,367 - VisitWalker - DEBUG - processing: client\Avatar.py
2018-04-23 19:37:38,368 - TransformWalker - DEBUG - processing: client\Avatar.py
2018-04-23 19:37:38,415 - TransformWalker - DEBUG - processing: client\avtmembers\__init__.py
2018-04-23 19:37:38,427 - TransformWalker - DEBUG - processing: client\avtmembers\impPokemon.py
2018-04-23 19:37:38,437 - TransformWalker - DEBUG - processing: common\pokemon\__init__.py
2018-04-23 19:37:38,438 - TransformWalker - DEBUG - processing: common\pokemon\pconst.py
2018-04-23 19:37:38,440 - TransformWalker - DEBUG - processing: common\iCombatUnit.py
2018-04-23 19:37:38,441 - TransformWalker - DEBUG - processing: common\const.py
2018-04-23 19:37:38,443 - TransformWalker - DEBUG - processing: client\avtmembers\impCombat.py
