2018-04-23 19:56:28,020 - TokenizeWalker - DEBUG - processing: client\avtmembers\impCombat.py
2018-04-23 19:56:28,022 - TokenizeWalker - DEBUG - processing: common\const.py
2018-04-23 19:56:28,022 - TokenizeWalker - DEBUG - processing: common\iCombatUnit.py
2018-04-23 19:56:28,023 - TokenizeWalker - DEBUG - processing: common\pokemon\pconst.py
2018-04-23 19:56:28,023 - TokenizeWalker - DEBUG - processing: common\pokemon\__init__.py
2018-04-23 19:56:28,023 - TokenizeWalker - DEBUG - processing: client\avtmembers\impPokemon.py
2018-04-23 19:56:28,023 - TokenizeWalker - DEBUG - processing: client\avtmembers\__init__.py
2018-04-23 19:56:28,025 - TokenizeWalker - DEBUG - processing: client\Avatar.py
2018-04-23 19:56:28,026 - VisitWalker - DEBUG - processing: client\avtmembers\impCombat.py
2018-04-23 19:56:28,028 - VisitWalker - DEBUG - processing: common\const.py
2018-04-23 19:56:28,029 - VisitWalker - DEBUG - processing: common\iCombatUnit.py
2018-04-23 19:56:28,029 - VisitWalker - DEBUG - processing: common\pokemon\pconst.py
2018-04-23 19:56:28,030 - VisitWalker - DEBUG - processing: common\pokemon\__init__.py
2018-04-23 19:56:28,030 - VisitWalker - DEBUG - processing: client\avtmembers\impPokemon.py
2018-04-23 19:56:28,032 - VisitWalker - DEBUG - processing: client\avtmembers\__init__.py
2018-04-23 19:56:28,033 - VisitWalker - DEBUG - processing: client\Avatar.py
2018-04-23 19:56:28,036 - TransformWalker - DEBUG - processing: client\Avatar.py
2018-04-23 19:56:28,055 - TransformWalker - DEBUG - processing: client\avtmembers\__init__.py
2018-04-23 19:56:28,059 - TransformWalker - DEBUG - processing: client\avtmembers\impPokemon.py
2018-04-23 19:56:28,062 - TransformWalker - DEBUG - processing: common\pokemon\__init__.py
2018-04-23 19:56:28,063 - TransformWalker - DEBUG - processing: common\pokemon\pconst.py
2018-04-23 19:56:28,065 - TransformWalker - DEBUG - processing: common\iCombatUnit.py
2018-04-23 19:56:28,066 - TransformWalker - DEBUG - processing: common\const.py
2018-04-23 19:56:28,068 - TransformWalker - DEBUG - processing: client\avtmembers\impCombat.py
