2018-04-14 22:32:41,644 - TokenizeWalker - DEBUG - processing: common\const.py
2018-04-14 22:32:41,645 - TokenizeWalker - DEBUG - processing: common\pokemon\pconst.py
2018-04-14 22:32:41,647 - TokenizeWalker - DEBUG - processing: common\pokemon\__init__.py
2018-04-14 22:32:41,647 - TokenizeWalker - DEBUG - processing: client\avtmembers\impPokemon.py
2018-04-14 22:32:41,648 - TokenizeWalker - DEBUG - processing: client\avtmembers\__init__.py
2018-04-14 22:32:41,648 - TokenizeWalker - DEBUG - processing: client\Avatar.py
2018-04-14 22:32:41,651 - VisitWalker - DEBUG - processing: common\const.py
2018-04-14 22:32:41,651 - VisitWalker - DEBUG - processing: common\pokemon\pconst.py
2018-04-14 22:32:41,653 - VisitWalker - DEBUG - processing: common\pokemon\__init__.py
2018-04-14 22:32:41,654 - VisitWalker - DEBUG - processing: client\avtmembers\impPokemon.py
2018-04-14 22:32:41,655 - VisitWalker - DEBUG - processing: client\avtmembers\__init__.py
2018-04-14 22:32:41,657 - VisitWalker - DEBUG - processing: client\Avatar.py
2018-04-14 22:32:41,665 - TransformWalker - DEBUG - processing: client\Avatar.py
2018-04-14 22:32:41,671 - ComponentTransformer - DEBUG - Start merge class Avatar
2018-04-14 22:32:41,671 - ComponentTransformer - WARNING - Merge was skip because inherit AvatarRoleComponent in Python\entities\client\Avatar.py
2018-04-14 22:32:41,673 - TransformWalker - DEBUG - processing: client\avtmembers\__init__.py
2018-04-14 22:32:41,674 - TransformWalker - DEBUG - processing: client\avtmembers\impPokemon.py
2018-04-14 22:32:41,676 - TransformWalker - DEBUG - processing: common\pokemon\__init__.py
2018-04-14 22:32:41,677 - TransformWalker - DEBUG - processing: common\pokemon\pconst.py
2018-04-14 22:32:41,677 - TransformWalker - DEBUG - processing: common\const.py
