2018-04-14 22:47:35,450 - TokenizeWalker - DEBUG - processing: common\const.py
2018-04-14 22:47:35,450 - TokenizeWalker - DEBUG - processing: common\pokemon\pconst.py
2018-04-14 22:47:35,450 - TokenizeWalker - DEBUG - processing: common\pokemon\__init__.py
2018-04-14 22:47:35,450 - TokenizeWalker - DEBUG - processing: client\avtmembers\impPokemon.py
2018-04-14 22:47:35,451 - TokenizeWalker - DEBUG - processing: client\avtmembers\__init__.py
2018-04-14 22:47:35,451 - TokenizeWalker - DEBUG - processing: client\Avatar.py
2018-04-14 22:47:35,453 - VisitWalker - DEBUG - processing: common\const.py
2018-04-14 22:47:35,454 - VisitWalker - DEBUG - processing: common\pokemon\pconst.py
2018-04-14 22:47:35,456 - VisitWalker - DEBUG - processing: common\pokemon\__init__.py
2018-04-14 22:47:35,457 - VisitWalker - DEBUG - processing: client\avtmembers\impPokemon.py
2018-04-14 22:47:35,457 - VisitWalker - DEBUG - processing: client\avtmembers\__init__.py
2018-04-14 22:47:35,460 - VisitWalker - DEBUG - processing: client\Avatar.py
2018-04-14 22:47:35,470 - TransformWalker - DEBUG - processing: client\Avatar.py
2018-04-14 22:47:35,476 - ComponentTransformer - DEBUG - Start merge class Avatar
2018-04-14 22:47:35,477 - ComponentTransformer - WARNING - Merge was skip because inherit AvatarRoleComponent in Python\entities\client\Avatar.py
2018-04-14 22:47:35,479 - MessiahOptimizer - DEBUG - Python\entities\client\Avatar.py is dirty, file will be rewrite
2018-04-14 22:47:35,492 - TransformWalker - DEBUG - processing: client\avtmembers\__init__.py
2018-04-14 22:47:35,493 - TransformWalker - DEBUG - processing: common\pokemon\__init__.py
2018-04-14 22:47:35,494 - TransformWalker - DEBUG - processing: common\pokemon\pconst.py
2018-04-14 22:47:35,496 - TransformWalker - DEBUG - processing: common\const.py
2018-04-14 22:47:35,496 - TransformWalker - DEBUG - processing: client\avtmembers\impPokemon.py
