2018-04-23 19:23:34,178 - TokenizeWalker - DEBUG - processing: client\avtmembers\impCombat.py
2018-04-23 19:23:34,180 - TokenizeWalker - DEBUG - processing: common\const.py
2018-04-23 19:23:34,180 - TokenizeWalker - DEBUG - processing: common\iCombatUnit.py
2018-04-23 19:23:34,181 - TokenizeWalker - DEBUG - processing: common\pokemon\pconst.py
2018-04-23 19:23:34,181 - TokenizeWalker - DEBUG - processing: common\pokemon\__init__.py
2018-04-23 19:23:34,181 - TokenizeWalker - DEBUG - processing: client\avtmembers\impPokemon.py
2018-04-23 19:23:34,183 - TokenizeWalker - DEBUG - processing: client\avtmembers\__init__.py
2018-04-23 19:23:34,183 - TokenizeWalker - DEBUG - processing: client\Avatar.py
2018-04-23 19:23:34,184 - VisitWalker - DEBUG - processing: client\avtmembers\impCombat.py
2018-04-23 19:23:34,186 - VisitWalker - DEBUG - processing: common\const.py
2018-04-23 19:23:34,186 - VisitWalker - DEBUG - processing: common\iCombatUnit.py
2018-04-23 19:23:34,187 - VisitWalker - DEBUG - processing: common\pokemon\pconst.py
2018-04-23 19:23:34,187 - VisitWalker - DEBUG - processing: common\pokemon\__init__.py
2018-04-23 19:23:34,190 - VisitWalker - DEBUG - processing: client\avtmembers\impPokemon.py
2018-04-23 19:23:34,193 - VisitWalker - DEBUG - processing: client\avtmembers\__init__.py
2018-04-23 19:23:34,194 - VisitWalker - DEBUG - processing: client\Avatar.py
2018-04-23 19:23:34,197 - TransformWalker - DEBUG - processing: client\Avatar.py
2018-04-23 19:23:34,200 - TransformWalker - DEBUG - processing: client\avtmembers\__init__.py
2018-04-23 19:23:34,203 - TransformWalker - DEBUG - processing: client\avtmembers\impPokemon.py
2018-04-23 19:23:34,204 - TransformWalker - DEBUG - processing: common\pokemon\__init__.py
2018-04-23 19:23:34,206 - TransformWalker - DEBUG - processing: common\pokemon\pconst.py
2018-04-23 19:23:34,207 - TransformWalker - DEBUG - processing: common\iCombatUnit.py
2018-04-23 19:23:34,209 - TransformWalker - DEBUG - processing: common\const.py
2018-04-23 19:23:34,210 - TransformWalker - DEBUG - processing: client\avtmembers\impCombat.py
