2018-04-23 19:23:11,039 - TokenizeWalker - DEBUG - processing: client\avtmembers\impCombat.py
2018-04-23 19:23:11,039 - TokenizeWalker - DEBUG - processing: common\const.py
2018-04-23 19:23:11,040 - TokenizeWalker - DEBUG - processing: common\iCombatUnit.py
2018-04-23 19:23:11,040 - TokenizeWalker - DEBUG - processing: common\pokemon\pconst.py
2018-04-23 19:23:11,042 - TokenizeWalker - DEBUG - processing: common\pokemon\__init__.py
2018-04-23 19:23:11,042 - TokenizeWalker - DEBUG - processing: client\avtmembers\impPokemon.py
2018-04-23 19:23:11,042 - TokenizeWalker - DEBUG - processing: client\avtmembers\__init__.py
2018-04-23 19:23:11,042 - TokenizeWalker - DEBUG - processing: client\Avatar.py
2018-04-23 19:23:11,043 - VisitWalker - DEBUG - processing: client\avtmembers\impCombat.py
2018-04-23 19:23:11,046 - VisitWalker - DEBUG - processing: common\const.py
2018-04-23 19:23:11,046 - VisitWalker - DEBUG - processing: common\iCombatUnit.py
2018-04-23 19:23:11,046 - VisitWalker - DEBUG - processing: common\pokemon\pconst.py
2018-04-23 19:23:11,048 - VisitWalker - DEBUG - processing: common\pokemon\__init__.py
2018-04-23 19:23:11,049 - VisitWalker - DEBUG - processing: client\avtmembers\impPokemon.py
2018-04-23 19:23:11,049 - VisitWalker - DEBUG - processing: client\avtmembers\__init__.py
2018-04-23 19:23:11,051 - VisitWalker - DEBUG - processing: client\Avatar.py
2018-04-23 19:23:11,053 - TransformWalker - DEBUG - processing: client\Avatar.py
2018-04-23 19:23:11,055 - TransformWalker - DEBUG - processing: client\avtmembers\__init__.py
2018-04-23 19:23:11,058 - TransformWalker - DEBUG - processing: client\avtmembers\impPokemon.py
2018-04-23 19:23:11,059 - TransformWalker - DEBUG - processing: common\pokemon\__init__.py
2018-04-23 19:23:11,061 - TransformWalker - DEBUG - processing: common\pokemon\pconst.py
2018-04-23 19:23:11,062 - TransformWalker - DEBUG - processing: common\iCombatUnit.py
2018-04-23 19:23:11,062 - TransformWalker - DEBUG - processing: common\const.py
2018-04-23 19:23:11,063 - TransformWalker - DEBUG - processing: client\avtmembers\impCombat.py
