2018-04-23 19:48:57,884 - TokenizeWalker - DEBUG - processing: client\avtmembers\impCombat.py
2018-04-23 19:48:57,884 - TokenizeWalker - DEBUG - processing: common\const.py
2018-04-23 19:48:57,885 - TokenizeWalker - DEBUG - processing: common\iCombatUnit.py
2018-04-23 19:48:57,885 - TokenizeWalker - DEBUG - processing: common\pokemon\pconst.py
2018-04-23 19:48:57,887 - TokenizeWalker - DEBUG - processing: common\pokemon\__init__.py
2018-04-23 19:48:57,887 - TokenizeWalker - DEBUG - processing: client\avtmembers\impPokemon.py
2018-04-23 19:48:57,888 - TokenizeWalker - DEBUG - processing: client\avtmembers\__init__.py
2018-04-23 19:48:57,888 - TokenizeWalker - DEBUG - processing: client\Avatar.py
2018-04-23 19:48:57,888 - VisitWalker - DEBUG - processing: client\avtmembers\impCombat.py
2018-04-23 19:48:57,890 - VisitWalker - DEBUG - processing: common\const.py
2018-04-23 19:48:57,891 - VisitWalker - DEBUG - processing: common\iCombatUnit.py
2018-04-23 19:48:57,891 - VisitWalker - DEBUG - processing: common\pokemon\pconst.py
2018-04-23 19:48:57,892 - VisitWalker - DEBUG - processing: common\pokemon\__init__.py
2018-04-23 19:48:57,892 - VisitWalker - DEBUG - processing: client\avtmembers\impPokemon.py
2018-04-23 19:48:57,894 - VisitWalker - DEBUG - processing: client\avtmembers\__init__.py
2018-04-23 19:48:57,895 - VisitWalker - DEBUG - processing: client\Avatar.py
2018-04-23 19:48:57,898 - TransformWalker - DEBUG - processing: client\Avatar.py
2018-04-23 19:48:57,901 - TransformWalker - DEBUG - processing: client\avtmembers\__init__.py
2018-04-23 19:48:57,901 - TransformWalker - DEBUG - processing: client\avtmembers\impPokemon.py
2018-04-23 19:48:57,903 - TransformWalker - DEBUG - processing: common\pokemon\__init__.py
2018-04-23 19:48:57,904 - TransformWalker - DEBUG - processing: common\pokemon\pconst.py
2018-04-23 19:48:57,904 - TransformWalker - DEBUG - processing: common\iCombatUnit.py
2018-04-23 19:48:57,905 - TransformWalker - DEBUG - processing: common\const.py
2018-04-23 19:48:57,907 - TransformWalker - DEBUG - processing: client\avtmembers\impCombat.py
