2018-04-23 19:18:52,263 - TokenizeWalker - DEBUG - processing: client\avtmembers\impCombat.py
2018-04-23 19:18:52,265 - TokenizeWalker - DEBUG - processing: common\const.py
2018-04-23 19:18:52,265 - TokenizeWalker - DEBUG - processing: common\iCombatUnit.py
2018-04-23 19:18:52,266 - TokenizeWalker - DEBUG - processing: common\pokemon\pconst.py
2018-04-23 19:18:52,266 - TokenizeWalker - DEBUG - processing: common\pokemon\__init__.py
2018-04-23 19:18:52,266 - TokenizeWalker - DEBUG - processing: client\avtmembers\impPokemon.py
2018-04-23 19:18:52,266 - TokenizeWalker - DEBUG - processing: client\avtmembers\__init__.py
2018-04-23 19:18:52,267 - TokenizeWalker - DEBUG - processing: client\Avatar.py
2018-04-23 19:18:52,269 - VisitWalker - DEBUG - processing: client\avtmembers\impCombat.py
2018-04-23 19:18:52,273 - VisitWalker - DEBUG - processing: common\const.py
2018-04-23 19:18:52,273 - VisitWalker - DEBUG - processing: common\iCombatUnit.py
2018-04-23 19:18:52,275 - VisitWalker - DEBUG - processing: common\pokemon\pconst.py
2018-04-23 19:18:52,276 - VisitWalker - DEBUG - processing: common\pokemon\__init__.py
2018-04-23 19:18:52,276 - VisitWalker - DEBUG - processing: client\avtmembers\impPokemon.py
2018-04-23 19:18:52,280 - VisitWalker - DEBUG - processing: client\avtmembers\__init__.py
2018-04-23 19:18:52,282 - VisitWalker - DEBUG - processing: client\Avatar.py
2018-04-23 19:18:52,285 - TransformWalker - DEBUG - processing: client\Avatar.py
2018-04-23 19:18:52,286 - TransformWalker - DEBUG - processing: client\avtmembers\__init__.py
2018-04-23 19:18:52,289 - TransformWalker - DEBUG - processing: client\avtmembers\impPokemon.py
2018-04-23 19:18:52,289 - TransformWalker - DEBUG - processing: common\pokemon\__init__.py
2018-04-23 19:18:52,290 - TransformWalker - DEBUG - processing: common\pokemon\pconst.py
2018-04-23 19:18:52,292 - TransformWalker - DEBUG - processing: common\iCombatUnit.py
2018-04-23 19:18:52,292 - TransformWalker - DEBUG - processing: common\const.py
2018-04-23 19:18:52,292 - TransformWalker - DEBUG - processing: client\avtmembers\impCombat.py
