2018-04-14 22:14:34,342 - TokenizeWalker - DEBUG - processing: common\const.py
2018-04-14 22:14:34,348 - TokenizeWalker - DEBUG - processing: common\pokemon\pconst.py
2018-04-14 22:14:34,351 - TokenizeWalker - DEBUG - processing: common\pokemon\__init__.py
2018-04-14 22:14:34,351 - TokenizeWalker - DEBUG - processing: client\avtmembers\impPokemon.py
2018-04-14 22:14:34,355 - TokenizeWalker - DEBUG - processing: client\avtmembers\__init__.py
2018-04-14 22:14:34,358 - TokenizeWalker - DEBUG - processing: client\Avatar.py
2018-04-14 22:14:34,365 - VisitWalker - DEBUG - processing: common\const.py
2018-04-14 22:14:34,368 - VisitWalker - DEBUG - processing: common\pokemon\pconst.py
2018-04-14 22:14:34,368 - VisitWalker - DEBUG - processing: common\pokemon\__init__.py
2018-04-14 22:14:34,369 - VisitWalker - DEBUG - processing: client\avtmembers\impPokemon.py
2018-04-14 22:14:34,371 - VisitWalker - DEBUG - processing: client\avtmembers\__init__.py
2018-04-14 22:14:34,372 - VisitWalker - DEBUG - processing: client\Avatar.py
2018-04-14 22:14:34,377 - TransformWalker - DEBUG - processing: common\const.py
2018-04-14 22:14:34,378 - TransformWalker - DEBUG - processing: common\pokemon\pconst.py
2018-04-14 22:14:34,380 - TransformWalker - DEBUG - processing: common\pokemon\__init__.py
2018-04-14 22:14:34,380 - TransformWalker - DEBUG - processing: client\avtmembers\impPokemon.py
2018-04-14 22:14:34,381 - TransformWalker - DEBUG - processing: client\avtmembers\__init__.py
2018-04-14 22:14:34,382 - TransformWalker - DEBUG - processing: client\Avatar.py
2018-04-14 22:14:34,388 - ComponentTransformer - DEBUG - Start merge class Avatar
2018-04-14 22:14:34,388 - ComponentTransformer - WARNING - Merge was skip because inherit AvatarRoleComponent in Python\entities\client\Avatar.py
2018-04-14 22:14:34,390 - MessiahOptimizer - DEBUG - Python\entities\client\Avatar.py is dirty, file will be rewrite
