2018-04-14 23:07:41,717 - TokenizeWalker - DEBUG - processing: common\const.py
2018-04-14 23:07:41,719 - TokenizeWalker - DEBUG - processing: common\pokemon\pconst.py
2018-04-14 23:07:41,719 - TokenizeWalker - DEBUG - processing: common\pokemon\__init__.py
2018-04-14 23:07:41,720 - TokenizeWalker - DEBUG - processing: client\avtmembers\impPokemon.py
2018-04-14 23:07:41,720 - TokenizeWalker - DEBUG - processing: client\avtmembers\__init__.py
2018-04-14 23:07:41,720 - TokenizeWalker - DEBUG - processing: client\Avatar.py
2018-04-14 23:07:41,721 - VisitWalker - DEBUG - processing: common\const.py
2018-04-14 23:07:41,723 - VisitWalker - DEBUG - processing: common\pokemon\pconst.py
2018-04-14 23:07:41,723 - VisitWalker - DEBUG - processing: common\pokemon\__init__.py
2018-04-14 23:07:41,724 - VisitWalker - DEBUG - processing: client\avtmembers\impPokemon.py
2018-04-14 23:07:41,726 - VisitWalker - DEBUG - processing: client\avtmembers\__init__.py
2018-04-14 23:07:41,727 - VisitWalker - DEBUG - processing: client\Avatar.py
2018-04-14 23:07:41,749 - TransformWalker - DEBUG - processing: client\avtmembers\__init__.py
2018-04-14 23:07:41,750 - TransformWalker - DEBUG - processing: client\avtmembers\impPokemon.py
2018-04-14 23:07:41,752 - TransformWalker - DEBUG - processing: common\pokemon\__init__.py
2018-04-14 23:07:41,753 - TransformWalker - DEBUG - processing: common\pokemon\pconst.py
2018-04-14 23:07:41,753 - TransformWalker - DEBUG - processing: common\const.py
2018-04-14 23:07:41,755 - TransformWalker - DEBUG - processing: client\Avatar.py
2018-04-14 23:07:41,759 - ComponentTransformer - DEBUG - Start merge class Avatar
2018-04-14 23:07:41,760 - ComponentTransformer - WARNING - Merge was skip because inherit AvatarRoleComponent in Python\entities\client\Avatar.py
2018-04-14 23:07:41,760 - MessiahOptimizer - DEBUG - Python\entities\client\Avatar.py is dirty, file will be rewrite
