2018-04-15 17:05:32,961 - TokenizeWalker - DEBUG - processing: common\const.py
2018-04-15 17:05:32,963 - TokenizeWalker - DEBUG - processing: client\combatpokemonmembers\__init__.py
2018-04-15 17:05:32,964 - TokenizeWalker - DEBUG - processing: client\Model.py
2018-04-15 17:05:32,966 - TokenizeWalker - DEBUG - processing: client\CueCallback.py
2018-04-15 17:05:32,967 - TokenizeWalker - DEBUG - processing: common\pokemon\pconst.py
2018-04-15 17:05:32,967 - TokenizeWalker - DEBUG - processing: client\combatpokemonmembers\impDoubleRide.py
2018-04-15 17:05:32,969 - TokenizeWalker - DEBUG - processing: client\avatarmembers\__init__.py
2018-04-15 17:05:32,970 - TokenizeWalker - DEBUG - processing: client\CombatPokemon.py
2018-04-15 17:05:32,971 - TokenizeWalker - DEBUG - processing: common\pokemon\__init__.py
2018-04-15 17:05:32,971 - TokenizeWalker - DEBUG - processing: client\avatarmembers\impCombat.py
2018-04-15 17:05:32,973 - TokenizeWalker - DEBUG - processing: client\avatarmembers\impPokemon.py
2018-04-15 17:05:32,973 - TokenizeWalker - DEBUG - processing: client\avatarmembers\impDoubleRide.py
2018-04-15 17:05:32,973 - TokenizeWalker - DEBUG - processing: client\Avatar.py
2018-04-15 17:05:32,976 - VisitWalker - DEBUG - processing: common\const.py
2018-04-15 17:05:32,977 - VisitWalker - DEBUG - processing: client\combatpokemonmembers\__init__.py
2018-04-15 17:05:32,979 - VisitWalker - DEBUG - processing: client\Model.py
2018-04-15 17:05:32,980 - VisitWalker - DEBUG - processing: client\CueCallback.py
2018-04-15 17:05:32,982 - VisitWalker - DEBUG - processing: common\pokemon\pconst.py
2018-04-15 17:05:32,983 - VisitWalker - DEBUG - processing: client\combatpokemonmembers\impDoubleRide.py
2018-04-15 17:05:32,984 - VisitWalker - DEBUG - processing: client\avatarmembers\__init__.py
2018-04-15 17:05:32,986 - VisitWalker - DEBUG - processing: client\CombatPokemon.py
2018-04-15 17:05:32,989 - VisitWalker - DEBUG - processing: common\pokemon\__init__.py
2018-04-15 17:05:32,994 - VisitWalker - DEBUG - processing: client\avatarmembers\impCombat.py
2018-04-15 17:05:32,996 - VisitWalker - DEBUG - processing: client\avatarmembers\impPokemon.py
2018-04-15 17:05:32,999 - VisitWalker - DEBUG - processing: client\avatarmembers\impDoubleRide.py
2018-04-15 17:05:33,000 - VisitWalker - DEBUG - processing: client\Avatar.py
2018-04-15 17:05:33,009 - TransformWalker - DEBUG - processing: client\Avatar.py
2018-04-15 17:05:33,017 - TransformWalker - DEBUG - processing: client\avatarmembers\impDoubleRide.py
2018-04-15 17:05:33,020 - TransformWalker - DEBUG - processing: client\avatarmembers\impPokemon.py
2018-04-15 17:05:33,029 - TransformWalker - DEBUG - processing: client\avatarmembers\impCombat.py
2018-04-15 17:05:33,035 - TransformWalker - DEBUG - processing: common\pokemon\__init__.py
2018-04-15 17:05:33,038 - TransformWalker - DEBUG - processing: client\CombatPokemon.py
2018-04-15 17:05:33,043 - TransformWalker - DEBUG - processing: client\avatarmembers\__init__.py
2018-04-15 17:05:33,046 - TransformWalker - DEBUG - processing: client\combatpokemonmembers\impDoubleRide.py
2018-04-15 17:05:33,049 - TransformWalker - DEBUG - processing: common\pokemon\pconst.py
2018-04-15 17:05:33,052 - TransformWalker - DEBUG - processing: client\CueCallback.py
2018-04-15 17:05:33,055 - TransformWalker - DEBUG - processing: client\combatpokemonmembers\__init__.py
2018-04-15 17:05:33,058 - TransformWalker - DEBUG - processing: common\const.py
2018-04-15 17:05:33,062 - TransformWalker - DEBUG - processing: client\Model.py
2018-04-15 17:05:33,063 - ComponentTransformer - DEBUG - Start merge class DummyEffect
2018-04-15 17:05:33,065 - ComponentTransformer - DEBUG - Start merge class SimpleModel
2018-04-15 17:05:33,065 - MessiahOptimizer - DEBUG - dump\client\Model.py is dirty, file will be rewrite
