2018-04-23 19:18:36,865 - TokenizeWalker - DEBUG - processing: client\avtmembers\impCombat.py
2018-04-23 19:18:36,865 - TokenizeWalker - DEBUG - processing: common\const.py
2018-04-23 19:18:36,865 - TokenizeWalker - DEBUG - processing: common\iCombatUnit.py
2018-04-23 19:18:36,867 - TokenizeWalker - DEBUG - processing: common\pokemon\pconst.py
2018-04-23 19:18:36,867 - TokenizeWalker - DEBUG - processing: common\pokemon\__init__.py
2018-04-23 19:18:36,867 - TokenizeWalker - DEBUG - processing: client\avtmembers\impPokemon.py
2018-04-23 19:18:36,868 - TokenizeWalker - DEBUG - processing: client\avtmembers\__init__.py
2018-04-23 19:18:36,868 - TokenizeWalker - DEBUG - processing: client\Avatar.py
2018-04-23 19:18:36,897 - VisitWalker - DEBUG - processing: client\avtmembers\impCombat.py
2018-04-23 19:18:36,900 - VisitWalker - DEBUG - processing: common\const.py
2018-04-23 19:18:36,901 - VisitWalker - DEBUG - processing: common\iCombatUnit.py
2018-04-23 19:18:36,904 - VisitWalker - DEBUG - processing: common\pokemon\pconst.py
2018-04-23 19:18:36,905 - VisitWalker - DEBUG - processing: common\pokemon\__init__.py
2018-04-23 19:18:36,907 - VisitWalker - DEBUG - processing: client\avtmembers\impPokemon.py
2018-04-23 19:18:36,910 - VisitWalker - DEBUG - processing: client\avtmembers\__init__.py
2018-04-23 19:18:36,911 - VisitWalker - DEBUG - processing: client\Avatar.py
2018-04-23 19:18:36,914 - TransformWalker - DEBUG - processing: client\Avatar.py
2018-04-23 19:18:36,915 - TransformWalker - DEBUG - processing: client\avtmembers\__init__.py
2018-04-23 19:18:36,915 - TransformWalker - DEBUG - processing: client\avtmembers\impPokemon.py
2018-04-23 19:18:36,917 - TransformWalker - DEBUG - processing: common\pokemon\__init__.py
2018-04-23 19:18:36,918 - TransformWalker - DEBUG - processing: common\pokemon\pconst.py
2018-04-23 19:18:36,920 - TransformWalker - DEBUG - processing: common\iCombatUnit.py
2018-04-23 19:18:36,921 - TransformWalker - DEBUG - processing: common\const.py
2018-04-23 19:18:36,921 - TransformWalker - DEBUG - processing: client\avtmembers\impCombat.py
