2018-04-14 22:51:26,239 - TokenizeWalker - DEBUG - processing: common\const.py
2018-04-14 22:51:26,240 - TokenizeWalker - DEBUG - processing: common\pokemon\pconst.py
2018-04-14 22:51:26,240 - TokenizeWalker - DEBUG - processing: common\pokemon\__init__.py
2018-04-14 22:51:26,240 - TokenizeWalker - DEBUG - processing: client\avtmembers\impPokemon.py
2018-04-14 22:51:26,240 - TokenizeWalker - DEBUG - processing: client\avtmembers\__init__.py
2018-04-14 22:51:26,242 - TokenizeWalker - DEBUG - processing: client\Avatar.py
2018-04-14 22:51:26,243 - VisitWalker - DEBUG - processing: common\const.py
2018-04-14 22:51:26,244 - VisitWalker - DEBUG - processing: common\pokemon\pconst.py
2018-04-14 22:51:26,246 - VisitWalker - DEBUG - processing: common\pokemon\__init__.py
2018-04-14 22:51:26,246 - VisitWalker - DEBUG - processing: client\avtmembers\impPokemon.py
2018-04-14 22:51:26,249 - VisitWalker - DEBUG - processing: client\avtmembers\__init__.py
2018-04-14 22:51:26,250 - VisitWalker - DEBUG - processing: client\Avatar.py
2018-04-14 22:51:26,259 - TransformWalker - DEBUG - processing: client\Avatar.py
2018-04-14 22:51:26,266 - ComponentTransformer - DEBUG - Start merge class Avatar
2018-04-14 22:51:26,266 - ComponentTransformer - WARNING - Merge was skip because inherit AvatarRoleComponent in Python\entities\client\Avatar.py
2018-04-14 22:51:26,266 - TransformWalker - DEBUG - processing: client\avtmembers\__init__.py
2018-04-14 22:51:26,267 - TransformWalker - DEBUG - processing: client\avtmembers\impPokemon.py
2018-04-14 22:51:26,269 - TransformWalker - DEBUG - processing: common\pokemon\__init__.py
2018-04-14 22:51:26,269 - TransformWalker - DEBUG - processing: common\pokemon\pconst.py
2018-04-14 22:51:26,270 - TransformWalker - DEBUG - processing: common\const.py
